#
# There is insufficient memory for the Java Runtime Environment to continue.
# Native memory allocation (mmap) failed to map 264241152 bytes for committing reserved memory.
# Possible reasons:
#   The system is out of physical RAM or swap space
#   The process is running with CompressedOops enabled, and the Java Heap may be blocking the growth of the native heap
# Possible solutions:
#   Reduce memory load on the system
#   Increase physical memory or swap space
#   Check if swap backing store is full
#   Decrease Java heap size (-Xmx/-Xms)
#   Decrease number of Java threads
#   Decrease Java thread stack sizes (-Xss)
#   Set larger code cache with -XX:ReservedCodeCacheSize=
#   JVM is running with Zero Based Compressed Oops mode in which the Java heap is
#     placed in the first 32GB address space. The Java Heap base address is the
#     maximum limit for the native heap growth. Please use -XX:HeapBaseMinAddress
#     to set the Java Heap base and to place the Java Heap above 32GB virtual address.
# This output file may be truncated or incomplete.
#
#  Out of Memory Error (os_linux.cpp:2706), pid=3965, tid=3987
#
# JRE version: OpenJDK Runtime Environment (10.0.2+13) (build 10.0.2+13-Ubuntu-1ubuntu0.18.04.4)
# Java VM: OpenJDK 64-Bit Server VM (10.0.2+13-Ubuntu-1ubuntu0.18.04.4, mixed mode, tiered, compressed oops, g1 gc, linux-amd64)
# Core dump will be written. Default location: Core dumps may be processed with "/usr/share/apport/apport %p %s %c %d %P" (or dumping to /src/drake-franka-driver/core.3965)
#

---------------  S U M M A R Y ------------

Command Line: lcm.spy.Spy

Host: Intel(R) Core(TM) i7-8550U CPU @ 1.80GHz, 8 cores, 15G, Ubuntu 18.04.2 LTS
Time: Wed Jun  5 20:59:28 2019 UTC elapsed time: 7255 seconds (0d 2h 0m 55s)

---------------  T H R E A D  ---------------

Current thread (0x00007f00701d6800):  VMThread "VM Thread" [stack: 0x00007f000f2f8000,0x00007f000f3f8000] [id=3987]

Stack: [0x00007f000f2f8000,0x00007f000f3f8000],  sp=0x00007f000f3f60a0,  free space=1016k
Native frames: (J=compiled Java code, A=aot compiled Java code, j=interpreted, Vv=VM code, C=native code)
V  [libjvm.so+0xd27ea4]
V  [libjvm.so+0xd28a4b]
V  [libjvm.so+0x64d415]
V  [libjvm.so+0xb2d7c8]
V  [libjvm.so+0xb2601d]
V  [libjvm.so+0x7662ff]
V  [libjvm.so+0x76653e]
V  [libjvm.so+0x769500]
V  [libjvm.so+0x7efa1c]
V  [libjvm.so+0x7f06df]
V  [libjvm.so+0x7f0b59]
V  [libjvm.so+0x7162cf]
V  [libjvm.so+0x71a3ba]
V  [libjvm.so+0xd3a008]
V  [libjvm.so+0xd38871]
V  [libjvm.so+0xd35b3b]
V  [libjvm.so+0xd3715e]
V  [libjvm.so+0xd37588]
V  [libjvm.so+0xb33d40]

VM_Operation (0x00007effb7bf8f60): G1IncCollectionPause, mode: safepoint, requested by thread 0x00007f0070799800


---------------  P R O C E S S  ---------------

Threads class SMR info:
_java_thread_list=0x00007effac13dea0, length=18, elements={
0x00007f00701e0800, 0x00007f00701e2800, 0x00007f00701f7000, 0x00007f00701f8800,
0x00007f00701fa800, 0x00007f00701fc800, 0x00007f00701fe800, 0x00007f0070200800,
0x00007f00702a5000, 0x00007f00702bd800, 0x00007f007044c800, 0x00007f0070793800,
0x00007f0070798000, 0x00007f0070799800, 0x00007f0070c99000, 0x00007f0070c9b000,
0x00007f0070011800, 0x00007effac0d7800
}

Java Threads: ( => current thread )
  0x00007f00701e0800 JavaThread "Reference Handler" daemon [_thread_blocked, id=3988, stack(0x00007f000f1f5000,0x00007f000f2f6000)]
  0x00007f00701e2800 JavaThread "Finalizer" daemon [_thread_blocked, id=3989, stack(0x00007f000f0f4000,0x00007f000f1f5000)]
  0x00007f00701f7000 JavaThread "Signal Dispatcher" daemon [_thread_blocked, id=3990, stack(0x00007f000ece5000,0x00007f000ede6000)]
  0x00007f00701f8800 JavaThread "C2 CompilerThread0" daemon [_thread_blocked, id=3991, stack(0x00007f000ebe4000,0x00007f000ece5000)]
  0x00007f00701fa800 JavaThread "C2 CompilerThread1" daemon [_thread_blocked, id=3992, stack(0x00007f000eae3000,0x00007f000ebe4000)]
  0x00007f00701fc800 JavaThread "C2 CompilerThread2" daemon [_thread_blocked, id=3993, stack(0x00007f000e9e2000,0x00007f000eae3000)]
  0x00007f00701fe800 JavaThread "C1 CompilerThread3" daemon [_thread_blocked, id=3994, stack(0x00007f000e8e1000,0x00007f000e9e2000)]
  0x00007f0070200800 JavaThread "Sweeper thread" daemon [_thread_blocked, id=3995, stack(0x00007f000e7e0000,0x00007f000e8e1000)]
  0x00007f00702a5000 JavaThread "Service Thread" daemon [_thread_blocked, id=3996, stack(0x00007f000e6df000,0x00007f000e7e0000)]
  0x00007f00702bd800 JavaThread "Common-Cleaner" daemon [_thread_blocked, id=3998, stack(0x00007f000e4dc000,0x00007f000e5dd000)]
  0x00007f007044c800 JavaThread "AWT-XAWT" daemon [_thread_in_native, id=4002, stack(0x00007effc8a62000,0x00007effc8b63000)]
  0x00007f0070793800 JavaThread "Java2D Disposer" daemon [_thread_blocked, id=4003, stack(0x00007effb7cff000,0x00007effb7e00000)]
  0x00007f0070798000 JavaThread "AWT-Shutdown" [_thread_blocked, id=4004, stack(0x00007effb7bfe000,0x00007effb7cff000)]
  0x00007f0070799800 JavaThread "AWT-EventQueue-0" [_thread_blocked, id=4005, stack(0x00007effb7afd000,0x00007effb7bfe000)]
  0x00007f0070c99000 JavaThread "Thread-0" daemon [_thread_blocked, id=4006, stack(0x00007effb75fa000,0x00007effb76fb000)]
  0x00007f0070c9b000 JavaThread "Thread-1" daemon [_thread_blocked, id=4007, stack(0x00007effb74f9000,0x00007effb75fa000)]
  0x00007f0070011800 JavaThread "DestroyJavaVM" [_thread_blocked, id=3966, stack(0x00007f00799b4000,0x00007f0079ab5000)]
  0x00007effac0d7800 JavaThread "TimerQueue" daemon [_thread_blocked, id=4008, stack(0x00007effb71f8000,0x00007effb72f9000)]

Other Threads:
=>0x00007f00701d6800 VMThread "VM Thread" [stack: 0x00007f000f2f8000,0x00007f000f3f8000] [id=3987]
  0x00007f00702a7000 WatcherThread [stack: 0x00007f000e5df000,0x00007f000e6df000] [id=3997]
  0x00007f0070028000 GCTaskThread "GC Thread#0" [stack: 0x00007f0075afb000,0x00007f0075bfb000] [id=3967]
  0x00007f0070029800 GCTaskThread "GC Thread#1" [stack: 0x00007f00759f9000,0x00007f0075af9000] [id=3968]
  0x00007f007002b800 GCTaskThread "GC Thread#2" [stack: 0x00007f00758f7000,0x00007f00759f7000] [id=3969]
  0x00007f007002d000 GCTaskThread "GC Thread#3" [stack: 0x00007f00757f5000,0x00007f00758f5000] [id=3970]
  0x00007f007002f000 GCTaskThread "GC Thread#4" [stack: 0x00007f00756f3000,0x00007f00757f3000] [id=3971]
  0x00007f0070030800 GCTaskThread "GC Thread#5" [stack: 0x00007f00755f1000,0x00007f00756f1000] [id=3972]
  0x00007f0070032000 GCTaskThread "GC Thread#6" [stack: 0x00007f00754ef000,0x00007f00755ef000] [id=3973]
  0x00007f0070034000 GCTaskThread "GC Thread#7" [stack: 0x00007f00753ed000,0x00007f00754ed000] [id=3974]
  0x00007f0070082800 ConcurrentGCThread "G1 Main Marker" [stack: 0x00007f0074223000,0x00007f0074323000] [id=3975]
  0x00007f0070084000 ConcurrentGCThread "G1 Conc#0" [stack: 0x00007f0074121000,0x00007f0074221000] [id=3976]
  0x00007f0070086000 ConcurrentGCThread "G1 Conc#1" [stack: 0x00007f007401f000,0x00007f007411f000] [id=3977]
  0x00007f0070165000 ConcurrentGCThread "G1 Refine#0" [stack: 0x00007f005428f000,0x00007f005438f000] [id=3978]
  0x00007f0070167000 ConcurrentGCThread "G1 Refine#1" [stack: 0x00007f005418d000,0x00007f005428d000] [id=3979]
  0x00007f0070168800 ConcurrentGCThread "G1 Refine#2" [stack: 0x00007f005408b000,0x00007f005418b000] [id=3980]
  0x00007f007016a800 ConcurrentGCThread "G1 Refine#3" [stack: 0x00007f00340c8000,0x00007f00341c8000] [id=3981]
  0x00007f007016c000 ConcurrentGCThread "G1 Refine#4" [stack: 0x00007f002c0c8000,0x00007f002c1c8000] [id=3982]
  0x00007f007016e000 ConcurrentGCThread "G1 Refine#5" [stack: 0x00007f000ff00000,0x00007f0010000000] [id=3983]
  0x00007f007016f800 ConcurrentGCThread "G1 Refine#6" [stack: 0x00007f000fdfe000,0x00007f000fefe000] [id=3984]
  0x00007f0070171800 ConcurrentGCThread "G1 Refine#7" [stack: 0x00007f000fcfc000,0x00007f000fdfc000] [id=3985]
  0x00007f0070173000 ConcurrentGCThread "G1 Young RemSet Sampling" [stack: 0x00007f000fbfa000,0x00007f000fcfa000] [id=3986]

Threads with active compile tasks:

VM state:at safepoint (normal execution)

VM Mutex/Monitor currently owned by a thread:  ([mutex/lock_event])
[0x00007f007000daf0] Threads_lock - owner thread: 0x00007f00701d6800
[0x00007f007000e090] Heap_lock - owner thread: 0x00007f0070799800

Heap address: 0x00000006c7200000, size: 3982 MB, Compressed Oops mode: Zero based, Oop shift amount: 3
Narrow klass base: 0x0000000000000000, Narrow klass shift: 3
Compressed class space size: 1073741824 Address: 0x00000007c0000000

Heap:
 garbage-first heap   total 514048K, used 18554K [0x00000006c7200000, 0x00000007c0000000)
  region size 1024K, 1 young (1024K), 1 survivors (1024K)
 Metaspace       used 32169K, capacity 32671K, committed 33072K, reserved 1077248K
  class space    used 4089K, capacity 4342K, committed 4400K, reserved 1048576K
Heap Regions: E=young(eden), S=young(survivor), O=old, HS=humongous(starts), HC=humongous(continues), CS=collection set, F=free, A=archive, TS=gc time stamp, AC=allocation context, TAMS=top-at-mark-start (previous, next)
|   0|0x00000006c7200000, 0x00000006c7300000, 0x00000006c7300000|100%| O|  |TS  1|AC  0|TAMS 0x00000006c7217400, 0x00000006c7217400|
|   1|0x00000006c7300000, 0x00000006c7400000, 0x00000006c7400000|100%| O|  |TS  1|AC  0|TAMS 0x00000006c7300000, 0x00000006c7300000|
|   2|0x00000006c7400000, 0x00000006c7500000, 0x00000006c7500000|100%| O|  |TS 15|AC  0|TAMS 0x00000006c7400000, 0x00000006c7400000|
|   3|0x00000006c7500000, 0x00000006c7600000, 0x00000006c7600000|100%| O|  |TS 16|AC  0|TAMS 0x00000006c7500000, 0x00000006c7500000|
|   4|0x00000006c7600000, 0x00000006c7700000, 0x00000006c7700000|100%| O|  |TS 17|AC  0|TAMS 0x00000006c7600000, 0x00000006c7600000|
|   5|0x00000006c7700000, 0x00000006c7800000, 0x00000006c7800000|100%| O|  |TS 23|AC  0|TAMS 0x00000006c7700000, 0x00000006c7700000|
|   6|0x00000006c7800000, 0x00000006c7900000, 0x00000006c7900000|100%| O|  |TS 35|AC  0|TAMS 0x00000006c7800000, 0x00000006c7800000|
|   7|0x00000006c7900000, 0x00000006c7a00000, 0x00000006c7a00000|100%| O|  |TS 35|AC  0|TAMS 0x00000006c7900000, 0x00000006c7900000|
|   8|0x00000006c7a00000, 0x00000006c7b00000, 0x00000006c7b00000|100%| O|  |TS 45|AC  0|TAMS 0x00000006c7a00000, 0x00000006c7a00000|
|   9|0x00000006c7b00000, 0x00000006c7c00000, 0x00000006c7c00000|100%| O|  |TS671|AC  0|TAMS 0x00000006c7b00000, 0x00000006c7b00000|
|  10|0x00000006c7c00000, 0x00000006c7d00000, 0x00000006c7d00000|100%| O|  |TS671|AC  0|TAMS 0x00000006c7c00000, 0x00000006c7c00000|
|  11|0x00000006c7d00000, 0x00000006c7e00000, 0x00000006c7e00000|100%| O|  |TS671|AC  0|TAMS 0x00000006c7d00000, 0x00000006c7d00000|
|  12|0x00000006c7e00000, 0x00000006c7f00000, 0x00000006c7f00000|100%| O|  |TS671|AC  0|TAMS 0x00000006c7e00000, 0x00000006c7e00000|
|  13|0x00000006c7f00000, 0x00000006c8000000, 0x00000006c8000000|100%| O|  |TS671|AC  0|TAMS 0x00000006c7f00000, 0x00000006c7f00000|
|  14|0x00000006c8000000, 0x00000006c8100000, 0x00000006c8100000|100%| O|  |TS671|AC  0|TAMS 0x00000006c8000000, 0x00000006c8000000|
|  15|0x00000006c8100000, 0x00000006c8200000, 0x00000006c8200000|100%| O|  |TS671|AC  0|TAMS 0x00000006c8100000, 0x00000006c8100000|
|  16|0x00000006c8200000, 0x00000006c8300000, 0x00000006c8300000|100%| O|  |TS671|AC  0|TAMS 0x00000006c8200000, 0x00000006c8200000|
|  17|0x00000006c8300000, 0x00000006c8386200, 0x00000006c8400000| 52%| O|  |TS675|AC  0|TAMS 0x00000006c8300000, 0x00000006c8300000|
|  18|0x00000006c8400000, 0x00000006c8400000, 0x00000006c8500000|  0%| F|  |TS  0|AC  0|TAMS 0x00000006c8400000, 0x00000006c8400000|
|  19|0x00000006c8500000, 0x00000006c8500000, 0x00000006c8600000|  0%| F|  |TS  0|AC  0|TAMS 0x00000006c8500000, 0x00000006c8500000|
|  20|0x00000006c8600000, 0x00000006c8600000, 0x00000006c8700000|  0%| F|  |TS  0|AC  0|TAMS 0x00000006c8600000, 0x00000006c8600000|
|  21|0x00000006c8700000, 0x00000006c8700000, 0x00000006c8800000|  0%| F|  |TS  0|AC  0|TAMS 0x00000006c8700000, 0x00000006c8700000|
|  22|0x00000006c8800000, 0x00000006c8800000, 0x00000006c8900000|  0%| F|  |TS  0|AC  0|TAMS 0x00000006c8800000, 0x00000006c8800000|
|  23|0x00000006c8900000, 0x00000006c8900000, 0x00000006c8a00000|  0%| F|  |TS  0|AC  0|TAMS 0x00000006c8900000, 0x00000006c8900000|
|  24|0x00000006c8a00000, 0x00000006c8a00000, 0x00000006c8b00000|  0%| F|  |TS  0|AC  0|TAMS 0x00000006c8a00000, 0x00000006c8a00000|
|  25|0x00000006c8b00000, 0x00000006c8b00000, 0x00000006c8c00000|  0%| F|  |TS  0|AC  0|TAMS 0x00000006c8b00000, 0x00000006c8b00000|
|  26|0x00000006c8c00000, 0x00000006c8c00000, 0x00000006c8d00000|  0%| F|  |TS  0|AC  0|TAMS 0x00000006c8c00000, 0x00000006c8c00000|
|  27|0x00000006c8d00000, 0x00000006c8d00000, 0x00000006c8e00000|  0%| F|  |TS  0|AC  0|TAMS 0x00000006c8d00000, 0x00000006c8d00000|
|  28|0x00000006c8e00000, 0x00000006c8e00000, 0x00000006c8f00000|  0%| F|  |TS  0|AC  0|TAMS 0x00000006c8e00000, 0x00000006c8e00000|
|  29|0x00000006c8f00000, 0x00000006c8f00000, 0x00000006c9000000|  0%| F|  |TS  0|AC  0|TAMS 0x00000006c8f00000, 0x00000006c8f00000|
|  30|0x00000006c9000000, 0x00000006c9000000, 0x00000006c9100000|  0%| F|  |TS  0|AC  0|TAMS 0x00000006c9000000, 0x00000006c9000000|
|  31|0x00000006c9100000, 0x00000006c9100000, 0x00000006c9200000|  0%| F|  |TS  0|AC  0|TAMS 0x00000006c9100000, 0x00000006c9100000|
|  32|0x00000006c9200000, 0x00000006c9200000, 0x00000006c9300000|  0%| F|  |TS  0|AC  0|TAMS 0x00000006c9200000, 0x00000006c9200000|
|  33|0x00000006c9300000, 0x00000006c9300000, 0x00000006c9400000|  0%| F|  |TS  0|AC  0|TAMS 0x00000006c9300000, 0x00000006c9300000|
|  34|0x00000006c9400000, 0x00000006c9400000, 0x00000006c9500000|  0%| F|  |TS  0|AC  0|TAMS 0x00000006c9400000, 0x00000006c9400000|
|  35|0x00000006c9500000, 0x00000006c9500000, 0x00000006c9600000|  0%| F|  |TS  0|AC  0|TAMS 0x00000006c9500000, 0x00000006c9500000|
|  36|0x00000006c9600000, 0x00000006c9600000, 0x00000006c9700000|  0%| F|  |TS  0|AC  0|TAMS 0x00000006c9600000, 0x00000006c9600000|
|  37|0x00000006c9700000, 0x00000006c9700000, 0x00000006c9800000|  0%| F|  |TS  0|AC  0|TAMS 0x00000006c9700000, 0x00000006c9700000|
|  38|0x00000006c9800000, 0x00000006c9800000, 0x00000006c9900000|  0%| F|  |TS  0|AC  0|TAMS 0x00000006c9800000, 0x00000006c9800000|
|  39|0x00000006c9900000, 0x00000006c9900000, 0x00000006c9a00000|  0%| F|  |TS  0|AC  0|TAMS 0x00000006c9900000, 0x00000006c9900000|
|  40|0x00000006c9a00000, 0x00000006c9a00000, 0x00000006c9b00000|  0%| F|  |TS  0|AC  0|TAMS 0x00000006c9a00000, 0x00000006c9a00000|
|  41|0x00000006c9b00000, 0x00000006c9b00000, 0x00000006c9c00000|  0%| F|  |TS  0|AC  0|TAMS 0x00000006c9b00000, 0x00000006c9b00000|
|  42|0x00000006c9c00000, 0x00000006c9c00000, 0x00000006c9d00000|  0%| F|  |TS  0|AC  0|TAMS 0x00000006c9c00000, 0x00000006c9c00000|
|  43|0x00000006c9d00000, 0x00000006c9d00000, 0x00000006c9e00000|  0%| F|  |TS  0|AC  0|TAMS 0x00000006c9d00000, 0x00000006c9d00000|
|  44|0x00000006c9e00000, 0x00000006c9e00000, 0x00000006c9f00000|  0%| F|  |TS  0|AC  0|TAMS 0x00000006c9e00000, 0x00000006c9e00000|
|  45|0x00000006c9f00000, 0x00000006c9f00000, 0x00000006ca000000|  0%| F|  |TS  0|AC  0|TAMS 0x00000006c9f00000, 0x00000006c9f00000|
|  46|0x00000006ca000000, 0x00000006ca000000, 0x00000006ca100000|  0%| F|  |TS  0|AC  0|TAMS 0x00000006ca000000, 0x00000006ca000000|
|  47|0x00000006ca100000, 0x00000006ca100000, 0x00000006ca200000|  0%| F|  |TS  0|AC  0|TAMS 0x00000006ca100000, 0x00000006ca100000|
|  48|0x00000006ca200000, 0x00000006ca200000, 0x00000006ca300000|  0%| F|  |TS  0|AC  0|TAMS 0x00000006ca200000, 0x00000006ca200000|
|  49|0x00000006ca300000, 0x00000006ca300000, 0x00000006ca400000|  0%| F|  |TS  0|AC  0|TAMS 0x00000006ca300000, 0x00000006ca300000|
|  50|0x00000006ca400000, 0x00000006ca400000, 0x00000006ca500000|  0%| F|  |TS  0|AC  0|TAMS 0x00000006ca400000, 0x00000006ca400000|
|  51|0x00000006ca500000, 0x00000006ca500000, 0x00000006ca600000|  0%| F|  |TS  0|AC  0|TAMS 0x00000006ca500000, 0x00000006ca500000|
|  52|0x00000006ca600000, 0x00000006ca600000, 0x00000006ca700000|  0%| F|  |TS  0|AC  0|TAMS 0x00000006ca600000, 0x00000006ca600000|
|  53|0x00000006ca700000, 0x00000006ca700000, 0x00000006ca800000|  0%| F|  |TS  0|AC  0|TAMS 0x00000006ca700000, 0x00000006ca700000|
|  54|0x00000006ca800000, 0x00000006ca800000, 0x00000006ca900000|  0%| F|  |TS  0|AC  0|TAMS 0x00000006ca800000, 0x00000006ca800000|
|  55|0x00000006ca900000, 0x00000006ca900000, 0x00000006caa00000|  0%| F|  |TS  0|AC  0|TAMS 0x00000006ca900000, 0x00000006ca900000|
|  56|0x00000006caa00000, 0x00000006caa00000, 0x00000006cab00000|  0%| F|  |TS  0|AC  0|TAMS 0x00000006caa00000, 0x00000006caa00000|
|  57|0x00000006cab00000, 0x00000006cab00000, 0x00000006cac00000|  0%| F|  |TS  0|AC  0|TAMS 0x00000006cab00000, 0x00000006cab00000|
|  58|0x00000006cac00000, 0x00000006cac00000, 0x00000006cad00000|  0%| F|  |TS  0|AC  0|TAMS 0x00000006cac00000, 0x00000006cac00000|
|  59|0x00000006cad00000, 0x00000006cad00000, 0x00000006cae00000|  0%| F|  |TS  0|AC  0|TAMS 0x00000006cad00000, 0x00000006cad00000|
|  60|0x00000006cae00000, 0x00000006cae00000, 0x00000006caf00000|  0%| F|  |TS  0|AC  0|TAMS 0x00000006cae00000, 0x00000006cae00000|
|  61|0x00000006caf00000, 0x00000006caf00000, 0x00000006cb000000|  0%| F|  |TS  0|AC  0|TAMS 0x00000006caf00000, 0x00000006caf00000|
|  62|0x00000006cb000000, 0x00000006cb000000, 0x00000006cb100000|  0%| F|  |TS  0|AC  0|TAMS 0x00000006cb000000, 0x00000006cb000000|
|  63|0x00000006cb100000, 0x00000006cb100000, 0x00000006cb200000|  0%| F|  |TS  0|AC  0|TAMS 0x00000006cb100000, 0x00000006cb100000|
|  64|0x00000006cb200000, 0x00000006cb200000, 0x00000006cb300000|  0%| F|  |TS  0|AC  0|TAMS 0x00000006cb200000, 0x00000006cb200000|
|  65|0x00000006cb300000, 0x00000006cb300000, 0x00000006cb400000|  0%| F|  |TS  0|AC  0|TAMS 0x00000006cb300000, 0x00000006cb300000|
|  66|0x00000006cb400000, 0x00000006cb400000, 0x00000006cb500000|  0%| F|  |TS  0|AC  0|TAMS 0x00000006cb400000, 0x00000006cb400000|
|  67|0x00000006cb500000, 0x00000006cb500000, 0x00000006cb600000|  0%| F|  |TS  0|AC  0|TAMS 0x00000006cb500000, 0x00000006cb500000|
|  68|0x00000006cb600000, 0x00000006cb600000, 0x00000006cb700000|  0%| F|  |TS  0|AC  0|TAMS 0x00000006cb600000, 0x00000006cb600000|
|  69|0x00000006cb700000, 0x00000006cb700000, 0x00000006cb800000|  0%| F|  |TS  0|AC  0|TAMS 0x00000006cb700000, 0x00000006cb700000|
|  70|0x00000006cb800000, 0x00000006cb800000, 0x00000006cb900000|  0%| F|  |TS  0|AC  0|TAMS 0x00000006cb800000, 0x00000006cb800000|
|  71|0x00000006cb900000, 0x00000006cb900000, 0x00000006cba00000|  0%| F|  |TS  0|AC  0|TAMS 0x00000006cb900000, 0x00000006cb900000|
|  72|0x00000006cba00000, 0x00000006cba00000, 0x00000006cbb00000|  0%| F|  |TS  0|AC  0|TAMS 0x00000006cba00000, 0x00000006cba00000|
|  73|0x00000006cbb00000, 0x00000006cbb00000, 0x00000006cbc00000|  0%| F|  |TS  0|AC  0|TAMS 0x00000006cbb00000, 0x00000006cbb00000|
|  74|0x00000006cbc00000, 0x00000006cbc00000, 0x00000006cbd00000|  0%| F|  |TS  0|AC  0|TAMS 0x00000006cbc00000, 0x00000006cbc00000|
|  75|0x00000006cbd00000, 0x00000006cbd00000, 0x00000006cbe00000|  0%| F|  |TS  0|AC  0|TAMS 0x00000006cbd00000, 0x00000006cbd00000|
|  76|0x00000006cbe00000, 0x00000006cbe00000, 0x00000006cbf00000|  0%| F|  |TS  0|AC  0|TAMS 0x00000006cbe00000, 0x00000006cbe00000|
|  77|0x00000006cbf00000, 0x00000006cbf00000, 0x00000006cc000000|  0%| F|  |TS  0|AC  0|TAMS 0x00000006cbf00000, 0x00000006cbf00000|
|  78|0x00000006cc000000, 0x00000006cc000000, 0x00000006cc100000|  0%| F|  |TS  0|AC  0|TAMS 0x00000006cc000000, 0x00000006cc000000|
|  79|0x00000006cc100000, 0x00000006cc100000, 0x00000006cc200000|  0%| F|  |TS  0|AC  0|TAMS 0x00000006cc100000, 0x00000006cc100000|
|  80|0x00000006cc200000, 0x00000006cc200000, 0x00000006cc300000|  0%| F|  |TS  0|AC  0|TAMS 0x00000006cc200000, 0x00000006cc200000|
|  81|0x00000006cc300000, 0x00000006cc300000, 0x00000006cc400000|  0%| F|  |TS  0|AC  0|TAMS 0x00000006cc300000, 0x00000006cc300000|
|  82|0x00000006cc400000, 0x00000006cc400000, 0x00000006cc500000|  0%| F|  |TS  0|AC  0|TAMS 0x00000006cc400000, 0x00000006cc400000|
|  83|0x00000006cc500000, 0x00000006cc500000, 0x00000006cc600000|  0%| F|  |TS  0|AC  0|TAMS 0x00000006cc500000, 0x00000006cc500000|
|  84|0x00000006cc600000, 0x00000006cc600000, 0x00000006cc700000|  0%| F|  |TS  0|AC  0|TAMS 0x00000006cc600000, 0x00000006cc600000|
|  85|0x00000006cc700000, 0x00000006cc700000, 0x00000006cc800000|  0%| F|  |TS  0|AC  0|TAMS 0x00000006cc700000, 0x00000006cc700000|
|  86|0x00000006cc800000, 0x00000006cc800000, 0x00000006cc900000|  0%| F|  |TS  0|AC  0|TAMS 0x00000006cc800000, 0x00000006cc800000|
|  87|0x00000006cc900000, 0x00000006cc900000, 0x00000006cca00000|  0%| F|  |TS671|AC  0|TAMS 0x00000006cc900000, 0x00000006cc900000|
|  88|0x00000006cca00000, 0x00000006cca00000, 0x00000006ccb00000|  0%| F|  |TS671|AC  0|TAMS 0x00000006cca00000, 0x00000006cca00000|
|  89|0x00000006ccb00000, 0x00000006ccb00000, 0x00000006ccc00000|  0%| F|  |TS671|AC  0|TAMS 0x00000006ccb00000, 0x00000006ccb00000|
|  90|0x00000006ccc00000, 0x00000006ccc00000, 0x00000006ccd00000|  0%| F|  |TS671|AC  0|TAMS 0x00000006ccc00000, 0x00000006ccc00000|
|  91|0x00000006ccd00000, 0x00000006ccd00000, 0x00000006cce00000|  0%| F|  |TS671|AC  0|TAMS 0x00000006ccd00000, 0x00000006ccd00000|
|  92|0x00000006cce00000, 0x00000006cce00000, 0x00000006ccf00000|  0%| F|  |TS670|AC  0|TAMS 0x00000006cce00000, 0x00000006cce00000|
|  93|0x00000006ccf00000, 0x00000006ccf00000, 0x00000006cd000000|  0%| F|  |TS670|AC  0|TAMS 0x00000006ccf00000, 0x00000006ccf00000|
|  94|0x00000006cd000000, 0x00000006cd000000, 0x00000006cd100000|  0%| F|  |TS670|AC  0|TAMS 0x00000006cd000000, 0x00000006cd000000|
|  95|0x00000006cd100000, 0x00000006cd100000, 0x00000006cd200000|  0%| F|  |TS670|AC  0|TAMS 0x00000006cd100000, 0x00000006cd100000|
|  96|0x00000006cd200000, 0x00000006cd200000, 0x00000006cd300000|  0%| F|  |TS670|AC  0|TAMS 0x00000006cd200000, 0x00000006cd200000|
|  97|0x00000006cd300000, 0x00000006cd300000, 0x00000006cd400000|  0%| F|  |TS670|AC  0|TAMS 0x00000006cd300000, 0x00000006cd300000|
|  98|0x00000006cd400000, 0x00000006cd400000, 0x00000006cd500000|  0%| F|  |TS670|AC  0|TAMS 0x00000006cd400000, 0x00000006cd400000|
|  99|0x00000006cd500000, 0x00000006cd500000, 0x00000006cd600000|  0%| F|  |TS670|AC  0|TAMS 0x00000006cd500000, 0x00000006cd500000|
| 100|0x00000006cd600000, 0x00000006cd600000, 0x00000006cd700000|  0%| F|  |TS671|AC  0|TAMS 0x00000006cd600000, 0x00000006cd600000|
| 101|0x00000006cd700000, 0x00000006cd700000, 0x00000006cd800000|  0%| F|  |TS671|AC  0|TAMS 0x00000006cd700000, 0x00000006cd700000|
| 102|0x00000006cd800000, 0x00000006cd800000, 0x00000006cd900000|  0%| F|  |TS671|AC  0|TAMS 0x00000006cd800000, 0x00000006cd800000|
| 103|0x00000006cd900000, 0x00000006cd900000, 0x00000006cda00000|  0%| F|  |TS671|AC  0|TAMS 0x00000006cd900000, 0x00000006cd900000|
| 104|0x00000006cda00000, 0x00000006cda00000, 0x00000006cdb00000|  0%| F|  |TS670|AC  0|TAMS 0x00000006cda00000, 0x00000006cda00000|
| 105|0x00000006cdb00000, 0x00000006cdb00000, 0x00000006cdc00000|  0%| F|  |TS670|AC  0|TAMS 0x00000006cdb00000, 0x00000006cdb00000|
| 106|0x00000006cdc00000, 0x00000006cdc00000, 0x00000006cdd00000|  0%| F|  |TS670|AC  0|TAMS 0x00000006cdc00000, 0x00000006cdc00000|
| 107|0x00000006cdd00000, 0x00000006cdd00000, 0x00000006cde00000|  0%| F|  |TS670|AC  0|TAMS 0x00000006cdd00000, 0x00000006cdd00000|
| 108|0x00000006cde00000, 0x00000006cde00000, 0x00000006cdf00000|  0%| F|  |TS670|AC  0|TAMS 0x00000006cde00000, 0x00000006cde00000|
| 109|0x00000006cdf00000, 0x00000006cdf00000, 0x00000006ce000000|  0%| F|  |TS670|AC  0|TAMS 0x00000006cdf00000, 0x00000006cdf00000|
| 110|0x00000006ce000000, 0x00000006ce000000, 0x00000006ce100000|  0%| F|  |TS670|AC  0|TAMS 0x00000006ce000000, 0x00000006ce000000|
| 111|0x00000006ce100000, 0x00000006ce100000, 0x00000006ce200000|  0%| F|  |TS670|AC  0|TAMS 0x00000006ce100000, 0x00000006ce100000|
| 112|0x00000006ce200000, 0x00000006ce200000, 0x00000006ce300000|  0%| F|  |TS670|AC  0|TAMS 0x00000006ce200000, 0x00000006ce200000|
| 113|0x00000006ce300000, 0x00000006ce300000, 0x00000006ce400000|  0%| F|  |TS670|AC  0|TAMS 0x00000006ce300000, 0x00000006ce300000|
| 114|0x00000006ce400000, 0x00000006ce400000, 0x00000006ce500000|  0%| F|  |TS670|AC  0|TAMS 0x00000006ce400000, 0x00000006ce400000|
| 115|0x00000006ce500000, 0x00000006ce500000, 0x00000006ce600000|  0%| F|  |TS670|AC  0|TAMS 0x00000006ce500000, 0x00000006ce500000|
| 116|0x00000006ce600000, 0x00000006ce600000, 0x00000006ce700000|  0%| F|  |TS670|AC  0|TAMS 0x00000006ce600000, 0x00000006ce600000|
| 117|0x00000006ce700000, 0x00000006ce700000, 0x00000006ce800000|  0%| F|  |TS670|AC  0|TAMS 0x00000006ce700000, 0x00000006ce700000|
| 118|0x00000006ce800000, 0x00000006ce800000, 0x00000006ce900000|  0%| F|  |TS670|AC  0|TAMS 0x00000006ce800000, 0x00000006ce800000|
| 119|0x00000006ce900000, 0x00000006ce900000, 0x00000006cea00000|  0%| F|  |TS670|AC  0|TAMS 0x00000006ce900000, 0x00000006ce900000|
| 120|0x00000006cea00000, 0x00000006cea00000, 0x00000006ceb00000|  0%| F|  |TS670|AC  0|TAMS 0x00000006cea00000, 0x00000006cea00000|
| 121|0x00000006ceb00000, 0x00000006ceb00000, 0x00000006cec00000|  0%| F|  |TS670|AC  0|TAMS 0x00000006ceb00000, 0x00000006ceb00000|
| 122|0x00000006cec00000, 0x00000006cec00000, 0x00000006ced00000|  0%| F|  |TS670|AC  0|TAMS 0x00000006cec00000, 0x00000006cec00000|
| 123|0x00000006ced00000, 0x00000006ced00000, 0x00000006cee00000|  0%| F|  |TS670|AC  0|TAMS 0x00000006ced00000, 0x00000006ced00000|
| 124|0x00000006cee00000, 0x00000006cee00000, 0x00000006cef00000|  0%| F|  |TS670|AC  0|TAMS 0x00000006cee00000, 0x00000006cee00000|
| 125|0x00000006cef00000, 0x00000006cef00000, 0x00000006cf000000|  0%| F|  |TS670|AC  0|TAMS 0x00000006cef00000, 0x00000006cef00000|
| 126|0x00000006cf000000, 0x00000006cf000000, 0x00000006cf100000|  0%| F|  |TS670|AC  0|TAMS 0x00000006cf000000, 0x00000006cf000000|
| 127|0x00000006cf100000, 0x00000006cf100000, 0x00000006cf200000|  0%| F|  |TS670|AC  0|TAMS 0x00000006cf100000, 0x00000006cf100000|
| 128|0x00000006cf200000, 0x00000006cf200000, 0x00000006cf300000|  0%| F|  |TS670|AC  0|TAMS 0x00000006cf200000, 0x00000006cf200000|
| 129|0x00000006cf300000, 0x00000006cf300000, 0x00000006cf400000|  0%| F|  |TS670|AC  0|TAMS 0x00000006cf300000, 0x00000006cf300000|
| 130|0x00000006cf400000, 0x00000006cf400000, 0x00000006cf500000|  0%| F|  |TS670|AC  0|TAMS 0x00000006cf400000, 0x00000006cf400000|
| 131|0x00000006cf500000, 0x00000006cf500000, 0x00000006cf600000|  0%| F|  |TS670|AC  0|TAMS 0x00000006cf500000, 0x00000006cf500000|
| 132|0x00000006cf600000, 0x00000006cf600000, 0x00000006cf700000|  0%| F|  |TS670|AC  0|TAMS 0x00000006cf600000, 0x00000006cf600000|
| 133|0x00000006cf700000, 0x00000006cf700000, 0x00000006cf800000|  0%| F|  |TS670|AC  0|TAMS 0x00000006cf700000, 0x00000006cf700000|
| 134|0x00000006cf800000, 0x00000006cf800000, 0x00000006cf900000|  0%| F|  |TS670|AC  0|TAMS 0x00000006cf800000, 0x00000006cf800000|
| 135|0x00000006cf900000, 0x00000006cf900000, 0x00000006cfa00000|  0%| F|  |TS670|AC  0|TAMS 0x00000006cf900000, 0x00000006cf900000|
| 136|0x00000006cfa00000, 0x00000006cfa00000, 0x00000006cfb00000|  0%| F|  |TS670|AC  0|TAMS 0x00000006cfa00000, 0x00000006cfa00000|
| 137|0x00000006cfb00000, 0x00000006cfb00000, 0x00000006cfc00000|  0%| F|  |TS670|AC  0|TAMS 0x00000006cfb00000, 0x00000006cfb00000|
| 138|0x00000006cfc00000, 0x00000006cfc00000, 0x00000006cfd00000|  0%| F|  |TS670|AC  0|TAMS 0x00000006cfc00000, 0x00000006cfc00000|
| 139|0x00000006cfd00000, 0x00000006cfd00000, 0x00000006cfe00000|  0%| F|  |TS670|AC  0|TAMS 0x00000006cfd00000, 0x00000006cfd00000|
| 140|0x00000006cfe00000, 0x00000006cfe00000, 0x00000006cff00000|  0%| F|  |TS670|AC  0|TAMS 0x00000006cfe00000, 0x00000006cfe00000|
| 141|0x00000006cff00000, 0x00000006cff00000, 0x00000006d0000000|  0%| F|  |TS670|AC  0|TAMS 0x00000006cff00000, 0x00000006cff00000|
| 142|0x00000006d0000000, 0x00000006d0000000, 0x00000006d0100000|  0%| F|  |TS670|AC  0|TAMS 0x00000006d0000000, 0x00000006d0000000|
| 143|0x00000006d0100000, 0x00000006d0100000, 0x00000006d0200000|  0%| F|  |TS670|AC  0|TAMS 0x00000006d0100000, 0x00000006d0100000|
| 144|0x00000006d0200000, 0x00000006d0200000, 0x00000006d0300000|  0%| F|  |TS670|AC  0|TAMS 0x00000006d0200000, 0x00000006d0200000|
| 145|0x00000006d0300000, 0x00000006d0300000, 0x00000006d0400000|  0%| F|  |TS670|AC  0|TAMS 0x00000006d0300000, 0x00000006d0300000|
| 146|0x00000006d0400000, 0x00000006d0400000, 0x00000006d0500000|  0%| F|  |TS670|AC  0|TAMS 0x00000006d0400000, 0x00000006d0400000|
| 147|0x00000006d0500000, 0x00000006d0500000, 0x00000006d0600000|  0%| F|  |TS670|AC  0|TAMS 0x00000006d0500000, 0x00000006d0500000|
| 148|0x00000006d0600000, 0x00000006d0600000, 0x00000006d0700000|  0%| F|  |TS670|AC  0|TAMS 0x00000006d0600000, 0x00000006d0600000|
| 149|0x00000006d0700000, 0x00000006d0700000, 0x00000006d0800000|  0%| F|  |TS670|AC  0|TAMS 0x00000006d0700000, 0x00000006d0700000|
| 150|0x00000006d0800000, 0x00000006d0800000, 0x00000006d0900000|  0%| F|  |TS670|AC  0|TAMS 0x00000006d0800000, 0x00000006d0800000|
| 151|0x00000006d0900000, 0x00000006d0900000, 0x00000006d0a00000|  0%| F|  |TS670|AC  0|TAMS 0x00000006d0900000, 0x00000006d0900000|
| 152|0x00000006d0a00000, 0x00000006d0a00000, 0x00000006d0b00000|  0%| F|  |TS670|AC  0|TAMS 0x00000006d0a00000, 0x00000006d0a00000|
| 153|0x00000006d0b00000, 0x00000006d0b00000, 0x00000006d0c00000|  0%| F|  |TS670|AC  0|TAMS 0x00000006d0b00000, 0x00000006d0b00000|
| 154|0x00000006d0c00000, 0x00000006d0c00000, 0x00000006d0d00000|  0%| F|  |TS670|AC  0|TAMS 0x00000006d0c00000, 0x00000006d0c00000|
| 155|0x00000006d0d00000, 0x00000006d0d00000, 0x00000006d0e00000|  0%| F|  |TS670|AC  0|TAMS 0x00000006d0d00000, 0x00000006d0d00000|
| 156|0x00000006d0e00000, 0x00000006d0e00000, 0x00000006d0f00000|  0%| F|  |TS670|AC  0|TAMS 0x00000006d0e00000, 0x00000006d0e00000|
| 157|0x00000006d0f00000, 0x00000006d0f00000, 0x00000006d1000000|  0%| F|  |TS670|AC  0|TAMS 0x00000006d0f00000, 0x00000006d0f00000|
| 158|0x00000006d1000000, 0x00000006d1000000, 0x00000006d1100000|  0%| F|  |TS670|AC  0|TAMS 0x00000006d1000000, 0x00000006d1000000|
| 159|0x00000006d1100000, 0x00000006d1100000, 0x00000006d1200000|  0%| F|  |TS670|AC  0|TAMS 0x00000006d1100000, 0x00000006d1100000|
| 160|0x00000006d1200000, 0x00000006d1200000, 0x00000006d1300000|  0%| F|  |TS670|AC  0|TAMS 0x00000006d1200000, 0x00000006d1200000|
| 161|0x00000006d1300000, 0x00000006d1300000, 0x00000006d1400000|  0%| F|  |TS670|AC  0|TAMS 0x00000006d1300000, 0x00000006d1300000|
| 162|0x00000006d1400000, 0x00000006d1400000, 0x00000006d1500000|  0%| F|  |TS670|AC  0|TAMS 0x00000006d1400000, 0x00000006d1400000|
| 163|0x00000006d1500000, 0x00000006d1500000, 0x00000006d1600000|  0%| F|  |TS670|AC  0|TAMS 0x00000006d1500000, 0x00000006d1500000|
| 164|0x00000006d1600000, 0x00000006d1600000, 0x00000006d1700000|  0%| F|  |TS670|AC  0|TAMS 0x00000006d1600000, 0x00000006d1600000|
| 165|0x00000006d1700000, 0x00000006d1700000, 0x00000006d1800000|  0%| F|  |TS670|AC  0|TAMS 0x00000006d1700000, 0x00000006d1700000|
| 166|0x00000006d1800000, 0x00000006d1800000, 0x00000006d1900000|  0%| F|  |TS670|AC  0|TAMS 0x00000006d1800000, 0x00000006d1800000|
| 167|0x00000006d1900000, 0x00000006d1900000, 0x00000006d1a00000|  0%| F|  |TS670|AC  0|TAMS 0x00000006d1900000, 0x00000006d1900000|
| 168|0x00000006d1a00000, 0x00000006d1a00000, 0x00000006d1b00000|  0%| F|  |TS670|AC  0|TAMS 0x00000006d1a00000, 0x00000006d1a00000|
| 169|0x00000006d1b00000, 0x00000006d1b00000, 0x00000006d1c00000|  0%| F|  |TS670|AC  0|TAMS 0x00000006d1b00000, 0x00000006d1b00000|
| 170|0x00000006d1c00000, 0x00000006d1c00000, 0x00000006d1d00000|  0%| F|  |TS670|AC  0|TAMS 0x00000006d1c00000, 0x00000006d1c00000|
| 171|0x00000006d1d00000, 0x00000006d1d00000, 0x00000006d1e00000|  0%| F|  |TS670|AC  0|TAMS 0x00000006d1d00000, 0x00000006d1d00000|
| 172|0x00000006d1e00000, 0x00000006d1e00000, 0x00000006d1f00000|  0%| F|  |TS670|AC  0|TAMS 0x00000006d1e00000, 0x00000006d1e00000|
| 173|0x00000006d1f00000, 0x00000006d1f00000, 0x00000006d2000000|  0%| F|  |TS670|AC  0|TAMS 0x00000006d1f00000, 0x00000006d1f00000|
| 174|0x00000006d2000000, 0x00000006d2000000, 0x00000006d2100000|  0%| F|  |TS670|AC  0|TAMS 0x00000006d2000000, 0x00000006d2000000|
| 175|0x00000006d2100000, 0x00000006d2100000, 0x00000006d2200000|  0%| F|  |TS670|AC  0|TAMS 0x00000006d2100000, 0x00000006d2100000|
| 176|0x00000006d2200000, 0x00000006d2200000, 0x00000006d2300000|  0%| F|  |TS670|AC  0|TAMS 0x00000006d2200000, 0x00000006d2200000|
| 177|0x00000006d2300000, 0x00000006d2300000, 0x00000006d2400000|  0%| F|  |TS670|AC  0|TAMS 0x00000006d2300000, 0x00000006d2300000|
| 178|0x00000006d2400000, 0x00000006d2400000, 0x00000006d2500000|  0%| F|  |TS670|AC  0|TAMS 0x00000006d2400000, 0x00000006d2400000|
| 179|0x00000006d2500000, 0x00000006d2500000, 0x00000006d2600000|  0%| F|  |TS670|AC  0|TAMS 0x00000006d2500000, 0x00000006d2500000|
| 180|0x00000006d2600000, 0x00000006d2600000, 0x00000006d2700000|  0%| F|  |TS670|AC  0|TAMS 0x00000006d2600000, 0x00000006d2600000|
| 181|0x00000006d2700000, 0x00000006d2700000, 0x00000006d2800000|  0%| F|  |TS670|AC  0|TAMS 0x00000006d2700000, 0x00000006d2700000|
| 182|0x00000006d2800000, 0x00000006d2800000, 0x00000006d2900000|  0%| F|  |TS670|AC  0|TAMS 0x00000006d2800000, 0x00000006d2800000|
| 183|0x00000006d2900000, 0x00000006d2900000, 0x00000006d2a00000|  0%| F|  |TS670|AC  0|TAMS 0x00000006d2900000, 0x00000006d2900000|
| 184|0x00000006d2a00000, 0x00000006d2a00000, 0x00000006d2b00000|  0%| F|  |TS670|AC  0|TAMS 0x00000006d2a00000, 0x00000006d2a00000|
| 185|0x00000006d2b00000, 0x00000006d2b00000, 0x00000006d2c00000|  0%| F|  |TS670|AC  0|TAMS 0x00000006d2b00000, 0x00000006d2b00000|
| 186|0x00000006d2c00000, 0x00000006d2c00000, 0x00000006d2d00000|  0%| F|  |TS670|AC  0|TAMS 0x00000006d2c00000, 0x00000006d2c00000|
| 187|0x00000006d2d00000, 0x00000006d2d00000, 0x00000006d2e00000|  0%| F|  |TS670|AC  0|TAMS 0x00000006d2d00000, 0x00000006d2d00000|
| 188|0x00000006d2e00000, 0x00000006d2e00000, 0x00000006d2f00000|  0%| F|  |TS670|AC  0|TAMS 0x00000006d2e00000, 0x00000006d2e00000|
| 189|0x00000006d2f00000, 0x00000006d2f00000, 0x00000006d3000000|  0%| F|  |TS670|AC  0|TAMS 0x00000006d2f00000, 0x00000006d2f00000|
| 190|0x00000006d3000000, 0x00000006d3000000, 0x00000006d3100000|  0%| F|  |TS670|AC  0|TAMS 0x00000006d3000000, 0x00000006d3000000|
| 191|0x00000006d3100000, 0x00000006d3100000, 0x00000006d3200000|  0%| F|  |TS670|AC  0|TAMS 0x00000006d3100000, 0x00000006d3100000|
| 192|0x00000006d3200000, 0x00000006d3200000, 0x00000006d3300000|  0%| F|  |TS670|AC  0|TAMS 0x00000006d3200000, 0x00000006d3200000|
| 193|0x00000006d3300000, 0x00000006d3300000, 0x00000006d3400000|  0%| F|  |TS670|AC  0|TAMS 0x00000006d3300000, 0x00000006d3300000|
| 194|0x00000006d3400000, 0x00000006d3400000, 0x00000006d3500000|  0%| F|  |TS670|AC  0|TAMS 0x00000006d3400000, 0x00000006d3400000|
| 195|0x00000006d3500000, 0x00000006d3500000, 0x00000006d3600000|  0%| F|  |TS670|AC  0|TAMS 0x00000006d3500000, 0x00000006d3500000|
| 196|0x00000006d3600000, 0x00000006d3600000, 0x00000006d3700000|  0%| F|  |TS670|AC  0|TAMS 0x00000006d3600000, 0x00000006d3600000|
| 197|0x00000006d3700000, 0x00000006d3700000, 0x00000006d3800000|  0%| F|  |TS670|AC  0|TAMS 0x00000006d3700000, 0x00000006d3700000|
| 198|0x00000006d3800000, 0x00000006d3800000, 0x00000006d3900000|  0%| F|  |TS670|AC  0|TAMS 0x00000006d3800000, 0x00000006d3800000|
| 199|0x00000006d3900000, 0x00000006d3900000, 0x00000006d3a00000|  0%| F|  |TS670|AC  0|TAMS 0x00000006d3900000, 0x00000006d3900000|
| 200|0x00000006d3a00000, 0x00000006d3a00000, 0x00000006d3b00000|  0%| F|  |TS670|AC  0|TAMS 0x00000006d3a00000, 0x00000006d3a00000|
| 201|0x00000006d3b00000, 0x00000006d3b00000, 0x00000006d3c00000|  0%| F|  |TS670|AC  0|TAMS 0x00000006d3b00000, 0x00000006d3b00000|
| 202|0x00000006d3c00000, 0x00000006d3c00000, 0x00000006d3d00000|  0%| F|  |TS670|AC  0|TAMS 0x00000006d3c00000, 0x00000006d3c00000|
| 203|0x00000006d3d00000, 0x00000006d3d00000, 0x00000006d3e00000|  0%| F|  |TS670|AC  0|TAMS 0x00000006d3d00000, 0x00000006d3d00000|
| 204|0x00000006d3e00000, 0x00000006d3e00000, 0x00000006d3f00000|  0%| F|  |TS670|AC  0|TAMS 0x00000006d3e00000, 0x00000006d3e00000|
| 205|0x00000006d3f00000, 0x00000006d3f00000, 0x00000006d4000000|  0%| F|  |TS670|AC  0|TAMS 0x00000006d3f00000, 0x00000006d3f00000|
| 206|0x00000006d4000000, 0x00000006d4000000, 0x00000006d4100000|  0%| F|  |TS670|AC  0|TAMS 0x00000006d4000000, 0x00000006d4000000|
| 207|0x00000006d4100000, 0x00000006d4100000, 0x00000006d4200000|  0%| F|  |TS670|AC  0|TAMS 0x00000006d4100000, 0x00000006d4100000|
| 208|0x00000006d4200000, 0x00000006d4200000, 0x00000006d4300000|  0%| F|  |TS670|AC  0|TAMS 0x00000006d4200000, 0x00000006d4200000|
| 209|0x00000006d4300000, 0x00000006d4300000, 0x00000006d4400000|  0%| F|  |TS670|AC  0|TAMS 0x00000006d4300000, 0x00000006d4300000|
| 210|0x00000006d4400000, 0x00000006d4400000, 0x00000006d4500000|  0%| F|  |TS670|AC  0|TAMS 0x00000006d4400000, 0x00000006d4400000|
| 211|0x00000006d4500000, 0x00000006d4500000, 0x00000006d4600000|  0%| F|  |TS670|AC  0|TAMS 0x00000006d4500000, 0x00000006d4500000|
| 212|0x00000006d4600000, 0x00000006d4600000, 0x00000006d4700000|  0%| F|  |TS670|AC  0|TAMS 0x00000006d4600000, 0x00000006d4600000|
| 213|0x00000006d4700000, 0x00000006d4700000, 0x00000006d4800000|  0%| F|  |TS670|AC  0|TAMS 0x00000006d4700000, 0x00000006d4700000|
| 214|0x00000006d4800000, 0x00000006d4800000, 0x00000006d4900000|  0%| F|  |TS670|AC  0|TAMS 0x00000006d4800000, 0x00000006d4800000|
| 215|0x00000006d4900000, 0x00000006d4900000, 0x00000006d4a00000|  0%| F|  |TS670|AC  0|TAMS 0x00000006d4900000, 0x00000006d4900000|
| 216|0x00000006d4a00000, 0x00000006d4a00000, 0x00000006d4b00000|  0%| F|  |TS670|AC  0|TAMS 0x00000006d4a00000, 0x00000006d4a00000|
| 217|0x00000006d4b00000, 0x00000006d4b00000, 0x00000006d4c00000|  0%| F|  |TS670|AC  0|TAMS 0x00000006d4b00000, 0x00000006d4b00000|
| 218|0x00000006d4c00000, 0x00000006d4c00000, 0x00000006d4d00000|  0%| F|  |TS670|AC  0|TAMS 0x00000006d4c00000, 0x00000006d4c00000|
| 219|0x00000006d4d00000, 0x00000006d4d00000, 0x00000006d4e00000|  0%| F|  |TS670|AC  0|TAMS 0x00000006d4d00000, 0x00000006d4d00000|
| 220|0x00000006d4e00000, 0x00000006d4e00000, 0x00000006d4f00000|  0%| F|  |TS670|AC  0|TAMS 0x00000006d4e00000, 0x00000006d4e00000|
| 221|0x00000006d4f00000, 0x00000006d4f00000, 0x00000006d5000000|  0%| F|  |TS670|AC  0|TAMS 0x00000006d4f00000, 0x00000006d4f00000|
| 222|0x00000006d5000000, 0x00000006d5000000, 0x00000006d5100000|  0%| F|  |TS670|AC  0|TAMS 0x00000006d5000000, 0x00000006d5000000|
| 223|0x00000006d5100000, 0x00000006d5100000, 0x00000006d5200000|  0%| F|  |TS670|AC  0|TAMS 0x00000006d5100000, 0x00000006d5100000|
| 224|0x00000006d5200000, 0x00000006d5200000, 0x00000006d5300000|  0%| F|  |TS670|AC  0|TAMS 0x00000006d5200000, 0x00000006d5200000|
| 225|0x00000006d5300000, 0x00000006d5300000, 0x00000006d5400000|  0%| F|  |TS670|AC  0|TAMS 0x00000006d5300000, 0x00000006d5300000|
| 226|0x00000006d5400000, 0x00000006d5400000, 0x00000006d5500000|  0%| F|  |TS670|AC  0|TAMS 0x00000006d5400000, 0x00000006d5400000|
| 227|0x00000006d5500000, 0x00000006d5500000, 0x00000006d5600000|  0%| F|  |TS670|AC  0|TAMS 0x00000006d5500000, 0x00000006d5500000|
| 228|0x00000006d5600000, 0x00000006d5600000, 0x00000006d5700000|  0%| F|  |TS670|AC  0|TAMS 0x00000006d5600000, 0x00000006d5600000|
| 229|0x00000006d5700000, 0x00000006d5700000, 0x00000006d5800000|  0%| F|  |TS670|AC  0|TAMS 0x00000006d5700000, 0x00000006d5700000|
| 230|0x00000006d5800000, 0x00000006d5800000, 0x00000006d5900000|  0%| F|  |TS670|AC  0|TAMS 0x00000006d5800000, 0x00000006d5800000|
| 231|0x00000006d5900000, 0x00000006d5900000, 0x00000006d5a00000|  0%| F|  |TS670|AC  0|TAMS 0x00000006d5900000, 0x00000006d5900000|
| 232|0x00000006d5a00000, 0x00000006d5a00000, 0x00000006d5b00000|  0%| F|  |TS670|AC  0|TAMS 0x00000006d5a00000, 0x00000006d5a00000|
| 233|0x00000006d5b00000, 0x00000006d5b00000, 0x00000006d5c00000|  0%| F|  |TS670|AC  0|TAMS 0x00000006d5b00000, 0x00000006d5b00000|
| 234|0x00000006d5c00000, 0x00000006d5c00000, 0x00000006d5d00000|  0%| F|  |TS670|AC  0|TAMS 0x00000006d5c00000, 0x00000006d5c00000|
| 235|0x00000006d5d00000, 0x00000006d5d00000, 0x00000006d5e00000|  0%| F|  |TS670|AC  0|TAMS 0x00000006d5d00000, 0x00000006d5d00000|
| 236|0x00000006d5e00000, 0x00000006d5e00000, 0x00000006d5f00000|  0%| F|  |TS670|AC  0|TAMS 0x00000006d5e00000, 0x00000006d5e00000|
| 237|0x00000006d5f00000, 0x00000006d5f00000, 0x00000006d6000000|  0%| F|  |TS675|AC  0|TAMS 0x00000006d5f00000, 0x00000006d5f00000|
| 238|0x00000006d6000000, 0x00000006d6098940, 0x00000006d6100000| 59%| S|CS|TS675|AC  0|TAMS 0x00000006d6000000, 0x00000006d6000000|
| 239|0x00000006d6100000, 0x00000006d6100000, 0x00000006d6200000|  0%| F|  |TS675|AC  0|TAMS 0x00000006d6100000, 0x00000006d6100000|
| 240|0x00000006d6200000, 0x00000006d6200000, 0x00000006d6300000|  0%| F|  |TS675|AC  0|TAMS 0x00000006d6200000, 0x00000006d6200000|
| 241|0x00000006d6300000, 0x00000006d6300000, 0x00000006d6400000|  0%| F|  |TS675|AC  0|TAMS 0x00000006d6300000, 0x00000006d6300000|
| 242|0x00000006d6400000, 0x00000006d6400000, 0x00000006d6500000|  0%| F|  |TS675|AC  0|TAMS 0x00000006d6400000, 0x00000006d6400000|
| 243|0x00000006d6500000, 0x00000006d6500000, 0x00000006d6600000|  0%| F|  |TS675|AC  0|TAMS 0x00000006d6500000, 0x00000006d6500000|
| 244|0x00000006d6600000, 0x00000006d6600000, 0x00000006d6700000|  0%| F|  |TS675|AC  0|TAMS 0x00000006d6600000, 0x00000006d6600000|
| 245|0x00000006d6700000, 0x00000006d6700000, 0x00000006d6800000|  0%| F|  |TS675|AC  0|TAMS 0x00000006d6700000, 0x00000006d6700000|
| 246|0x00000006d6800000, 0x00000006d6800000, 0x00000006d6900000|  0%| F|  |TS675|AC  0|TAMS 0x00000006d6800000, 0x00000006d6800000|
| 247|0x00000006d6900000, 0x00000006d6900000, 0x00000006d6a00000|  0%| F|  |TS675|AC  0|TAMS 0x00000006d6900000, 0x00000006d6900000|
| 248|0x00000006d6a00000, 0x00000006d6a00000, 0x00000006d6b00000|  0%| F|  |TS675|AC  0|TAMS 0x00000006d6a00000, 0x00000006d6a00000|
| 249|0x00000006d6b00000, 0x00000006d6b00000, 0x00000006d6c00000|  0%| F|  |TS675|AC  0|TAMS 0x00000006d6b00000, 0x00000006d6b00000|

Card table byte_map: [0x00007f005735e000,0x00007f0057b25000] byte_map_base: 0x00007f0053d25000

Marking Bits (Prev, Next): (CMBitMap*) 0x00007f0070081808, (CMBitMap*) 0x00007f00700817d0
 Prev Bits: [0x00007f002c1c8000, 0x00007f0030000000)
 Next Bits: [0x00007f00341c8000, 0x00007f0038000000)

Polling page: 0x00007f0079aeb000

CodeHeap 'non-profiled nmethods': size=120032Kb used=5138Kb max_used=6440Kb free=114893Kb
 bounds [0x00007f005f5ed000, 0x00007f005fc4d000, 0x00007f0066b25000]
CodeHeap 'profiled nmethods': size=120028Kb used=5526Kb max_used=9297Kb free=114502Kb
 bounds [0x00007f00580b6000, 0x00007f00589d6000, 0x00007f005f5ed000]
CodeHeap 'non-nmethods': size=5700Kb used=1292Kb max_used=1372Kb free=4407Kb
 bounds [0x00007f0057b25000, 0x00007f0057d95000, 0x00007f00580b6000]
 total_blobs=8544 nmethods=3687 adapters=647
 compilation: enabled

Compilation events (10 events):
Event: 5619.155 Thread 0x00007f00701fe800 5180  s    3       java.util.Vector::iterator (10 bytes)
Event: 5619.155 Thread 0x00007f00701fe800 nmethod 5180 0x00007f00580e2f90 code [0x00007f00580e3160, 0x00007f00580e3610]
Event: 5642.214 Thread 0x00007f00701fe800 5181       3       java.util.Vector::<init> (53 bytes)
Event: 5642.215 Thread 0x00007f00701fe800 nmethod 5181 0x00007f00580e4110 code [0x00007f00580e4300, 0x00007f00580e47d8]
Event: 6184.639 Thread 0x00007f00701fa800 5182       4       sun.java2d.marlin.IntArrayCache$Bucket::<init> (34 bytes)
Event: 6184.643 Thread 0x00007f00701fa800 nmethod 5182 0x00007f005f7baa10 code [0x00007f005f7baba0, 0x00007f005f7baed8]
Event: 6310.817 Thread 0x00007f00701fc800 5183       4       jdk.internal.math.FormattedFloatingDecimal::create (21 bytes)
Event: 6310.819 Thread 0x00007f00701fc800 nmethod 5183 0x00007f005f786d90 code [0x00007f005f786f20, 0x00007f005f787058]
Event: 6310.819 Thread 0x00007f00701fe800 5184       3       jdk.internal.math.FormattedFloatingDecimal::fillDecimal (352 bytes)
Event: 6310.822 Thread 0x00007f00701fe800 nmethod 5184 0x00007f00580f5310 code [0x00007f00580f5620, 0x00007f00580f6fa8]

GC Heap History (10 events):
Event: 6786.873 GC heap after
{Heap after GC invocations=673 (full 0):
 garbage-first heap   total 256000K, used 18845K [0x00000006c7200000, 0x00000007c0000000)
  region size 1024K, 9 young (9216K), 9 survivors (9216K)
 Metaspace       used 32169K, capacity 32671K, committed 33072K, reserved 1077248K
  class space    used 4089K, capacity 4342K, committed 4400K, reserved 1048576K
}
Event: 6892.800 GC heap before
{Heap before GC invocations=673 (full 0):
 garbage-first heap   total 256000K, used 21917K [0x00000006c7200000, 0x00000007c0000000)
  region size 1024K, 12 young (12288K), 9 survivors (9216K)
 Metaspace       used 32169K, capacity 32671K, committed 33072K, reserved 1077248K
  class space    used 4089K, capacity 4342K, committed 4400K, reserved 1048576K
}
Event: 6906.422 GC heap after
{Heap after GC invocations=674 (full 0):
 garbage-first heap   total 256000K, used 19160K [0x00000006c7200000, 0x00000007c0000000)
  region size 1024K, 2 young (2048K), 2 survivors (2048K)
 Metaspace       used 32169K, capacity 32671K, committed 33072K, reserved 1077248K
  class space    used 4089K, capacity 4342K, committed 4400K, reserved 1048576K
}
Event: 6914.121 GC heap before
{Heap before GC invocations=674 (full 0):
 garbage-first heap   total 256000K, used 29400K [0x00000006c7200000, 0x00000007c0000000)
  region size 1024K, 12 young (12288K), 2 survivors (2048K)
 Metaspace       used 32169K, capacity 32671K, committed 33072K, reserved 1077248K
  class space    used 4089K, capacity 4342K, committed 4400K, reserved 1048576K
}
Event: 6917.652 GC heap after
{Heap after GC invocations=675 (full 0):
 garbage-first heap   total 256000K, used 18524K [0x00000006c7200000, 0x00000007c0000000)
  region size 1024K, 1 young (1024K), 1 survivors (1024K)
 Metaspace       used 32169K, capacity 32671K, committed 33072K, reserved 1077248K
  class space    used 4089K, capacity 4342K, committed 4400K, reserved 1048576K
}
Event: 6919.927 GC heap before
{Heap before GC invocations=675 (full 0):
 garbage-first heap   total 256000K, used 29788K [0x00000006c7200000, 0x00000007c0000000)
  region size 1024K, 12 young (12288K), 1 survivors (1024K)
 Metaspace       used 32169K, capacity 32671K, committed 33072K, reserved 1077248K
  class space    used 4089K, capacity 4342K, committed 4400K, reserved 1048576K
}
Event: 6920.015 GC heap after
{Heap after GC invocations=676 (full 0):
 garbage-first heap   total 256000K, used 18495K [0x00000006c7200000, 0x00000007c0000000)
  region size 1024K, 1 young (1024K), 1 survivors (1024K)
 Metaspace       used 32169K, capacity 32671K, committed 33072K, reserved 1077248K
  class space    used 4089K, capacity 4342K, committed 4400K, reserved 1048576K
}
Event: 7025.073 GC heap before
{Heap before GC invocations=676 (full 0):
 garbage-first heap   total 256000K, used 29759K [0x00000006c7200000, 0x00000007c0000000)
  region size 1024K, 12 young (12288K), 1 survivors (1024K)
 Metaspace       used 32169K, capacity 32671K, committed 33072K, reserved 1077248K
  class space    used 4089K, capacity 4342K, committed 4400K, reserved 1048576K
}
Event: 7040.089 GC heap after
{Heap after GC invocations=677 (full 0):
 garbage-first heap   total 256000K, used 18513K [0x00000006c7200000, 0x00000007c0000000)
  region size 1024K, 1 young (1024K), 1 survivors (1024K)
 Metaspace       used 32169K, capacity 32671K, committed 33072K, reserved 1077248K
  class space    used 4089K, capacity 4342K, committed 4400K, reserved 1048576K
}
Event: 7255.664 GC heap before
{Heap before GC invocations=677 (full 0):
 garbage-first heap   total 256000K, used 29777K [0x00000006c7200000, 0x00000007c0000000)
  region size 1024K, 12 young (12288K), 1 survivors (1024K)
 Metaspace       used 32169K, capacity 32671K, committed 33072K, reserved 1077248K
  class space    used 4089K, capacity 4342K, committed 4400K, reserved 1048576K
}

Deoptimization events (10 events):
Event: 646.706 Thread 0x00007f0070799800 Uncommon trap: reason=class_check action=maybe_recompile pc=0x00007f005f93e324 method=javax.swing.plaf.basic.BasicLabelUI.paint(Ljava/awt/Graphics;Ljavax/swing/JComponent;)V @ 1 c2
Event: 646.706 Thread 0x00007f0070799800 Uncommon trap: reason=class_check action=maybe_recompile pc=0x00007f005f969b40 method=java.awt.Component.setBackground(Ljava/awt/Color;)V @ 20 c2
Event: 646.706 Thread 0x00007f0070799800 Uncommon trap: reason=class_check action=maybe_recompile pc=0x00007f005f93b28c method=java.awt.Component.setFont(Ljava/awt/Font;)V @ 32 c2
Event: 646.706 Thread 0x00007f0070799800 Uncommon trap: reason=class_check action=maybe_recompile pc=0x00007f005f97fb18 method=javax.swing.plaf.basic.BasicLabelUI.paint(Ljava/awt/Graphics;Ljavax/swing/JComponent;)V @ 1 c2
Event: 646.706 Thread 0x00007f0070799800 Uncommon trap: reason=class_check action=maybe_recompile pc=0x00007f005f969308 method=java.awt.Component.setBackground(Ljava/awt/Color;)V @ 20 c2
Event: 725.865 Thread 0x00007f0070799800 Uncommon trap: reason=unstable_if action=reinterpret pc=0x00007f005f7a28ac method=jdk.internal.math.FloatingDecimal$BinaryToASCIIBuffer.dtoa(IJIZ)V @ 824 c2
Event: 1000.817 Thread 0x00007f0070799800 Uncommon trap: reason=unstable_if action=reinterpret pc=0x00007f005faf0854 method=java.text.DigitList.round(IZZ)V @ 26 c2
Event: 1860.045 Thread 0x00007effac0d7800 Uncommon trap: reason=unstable_if action=reinterpret pc=0x00007f005fabf50c method=javax.swing.TimerQueue$DelayedTimer.compareTo(Ljava/util/concurrent/Delayed;)I @ 40 c2
Event: 6304.734 Thread 0x00007f0070799800 Uncommon trap: reason=unstable_if action=reinterpret pc=0x00007f005f9b4adc method=jdk.internal.math.FormattedFloatingDecimal.fillDecimal(I[CIIZ)V @ 20 c2
Event: 6884.487 Thread 0x00007f007044c800 Uncommon trap: reason=unstable_if action=reinterpret pc=0x00007f005fc3ca5c method=sun.awt.X11.XToolkit.run(Z)V @ 76 c2

Classes redefined (0 events):
No events

Internal exceptions (10 events):
Event: 517.238 Thread 0x00007f0070799800 Implicit null exception at 0x00007f005f8921f5 to 0x00007f005f8922ba
Event: 517.242 Thread 0x00007f0070799800 Implicit null exception at 0x00007f005f837a14 to 0x00007f005f83867a
Event: 517.472 Thread 0x00007f0070799800 Exception <a 'java/lang/UnsupportedOperationException'{0x00000006cfc715e0}: > (0x00000006cfc715e0) thrown at [/build/openjdk-lts-Ae5PRQ/openjdk-lts-10.0.2+13/src/hotspot/share/prims/jni.cpp, line 632]
Event: 518.833 Thread 0x00007f0070799800 Implicit null exception at 0x00007f005f747892 to 0x00007f005f7493ea
Event: 518.845 Thread 0x00007f0070799800 Implicit null exception at 0x00007f005f713678 to 0x00007f005f7137da
Event: 530.769 Thread 0x00007f0070799800 Exception <a 'java/lang/UnsupportedOperationException'{0x00000006d6770600}: > (0x00000006d6770600) thrown at [/build/openjdk-lts-Ae5PRQ/openjdk-lts-10.0.2+13/src/hotspot/share/prims/jni.cpp, line 632]
Event: 531.784 Thread 0x00007f0070799800 Implicit null exception at 0x00007f005f78bdf9 to 0x00007f005f78e3d8
Event: 531.875 Thread 0x00007f0070799800 Exception <a 'java/lang/UnsupportedOperationException'{0x00000006d5324238}: > (0x00000006d5324238) thrown at [/build/openjdk-lts-Ae5PRQ/openjdk-lts-10.0.2+13/src/hotspot/share/prims/jni.cpp, line 632]
Event: 533.673 Thread 0x00007f0070799800 Exception <a 'java/lang/UnsupportedOperationException'{0x00000006d3b332b0}: > (0x00000006d3b332b0) thrown at [/build/openjdk-lts-Ae5PRQ/openjdk-lts-10.0.2+13/src/hotspot/share/prims/jni.cpp, line 632]
Event: 536.790 Thread 0x00007f0070799800 Exception <a 'java/lang/UnsupportedOperationException'{0x00000006d074b790}: > (0x00000006d074b790) thrown at [/build/openjdk-lts-Ae5PRQ/openjdk-lts-10.0.2+13/src/hotspot/share/prims/jni.cpp, line 632]

Events (10 events):
Event: 6886.352 Executing VM operation: G1IncCollectionPause
Event: 6886.390 Thread 0x00007f007044c800 DEOPT UNPACKING pc=0x00007f0057b4d025 sp=0x00007effc8b61950 mode 2
Event: 6906.449 Executing VM operation: G1IncCollectionPause done
Event: 6910.306 Executing VM operation: G1IncCollectionPause
Event: 6917.680 Executing VM operation: G1IncCollectionPause done
Event: 6919.893 Executing VM operation: G1IncCollectionPause
Event: 6920.015 Executing VM operation: G1IncCollectionPause done
Event: 7020.812 Executing VM operation: G1IncCollectionPause
Event: 7041.344 Executing VM operation: G1IncCollectionPause done
Event: 7255.660 Executing VM operation: G1IncCollectionPause


Dynamic libraries:
6c7200000-6d6c00000 rw-p 00000000 00:00 0 
6e6800000-7c0000000 ---p 00000000 00:00 0 
7c0000000-7c044c000 rw-p 00000000 00:00 0 
7c044c000-800000000 ---p 00000000 00:00 0 
5635178ab000-5635178ac000 r-xp 00000000 103:07 3553877                   /usr/lib/jvm/java-11-openjdk-amd64/bin/java
563517aac000-563517aad000 r--p 00001000 103:07 3553877                   /usr/lib/jvm/java-11-openjdk-amd64/bin/java
563517aad000-563517aae000 rw-p 00002000 103:07 3553877                   /usr/lib/jvm/java-11-openjdk-amd64/bin/java
563518c89000-563518caa000 rw-p 00000000 00:00 0                          [heap]
7eff98000000-7eff98021000 rw-p 00000000 00:00 0 
7eff98021000-7eff9c000000 ---p 00000000 00:00 0 
7effa0000000-7effa002d000 rw-p 00000000 00:00 0 
7effa002d000-7effa4000000 ---p 00000000 00:00 0 
7effa4000000-7effa4021000 rw-p 00000000 00:00 0 
7effa4021000-7effa8000000 ---p 00000000 00:00 0 
7effa8000000-7effa8021000 rw-p 00000000 00:00 0 
7effa8021000-7effac000000 ---p 00000000 00:00 0 
7effac000000-7effadb71000 rw-p 00000000 00:00 0 
7effadb71000-7effb0000000 ---p 00000000 00:00 0 
7effb0000000-7effb0021000 rw-p 00000000 00:00 0 
7effb0021000-7effb4000000 ---p 00000000 00:00 0 
7effb6efd000-7effb70fd000 rw-p 00000000 00:00 0 
7effb7102000-7effb71f8000 rw-s 00000000 00:05 896172079                  /SYSV00000000 (deleted)
7effb71f8000-7effb71fc000 ---p 00000000 00:00 0 
7effb71fc000-7effb74f9000 rw-p 00000000 00:00 0 
7effb74f9000-7effb74fd000 ---p 00000000 00:00 0 
7effb74fd000-7effb75fa000 rw-p 00000000 00:00 0 
7effb75fa000-7effb75fe000 ---p 00000000 00:00 0 
7effb75fe000-7effb76fb000 rw-p 00000000 00:00 0 
7effb76fb000-7effb76fc000 r-xp 00000000 103:07 3554377                   /usr/lib/jvm/java-11-openjdk-amd64/lib/libextnet.so
7effb76fc000-7effb78fb000 ---p 00001000 103:07 3554377                   /usr/lib/jvm/java-11-openjdk-amd64/lib/libextnet.so
7effb78fb000-7effb78fc000 r--p 00000000 103:07 3554377                   /usr/lib/jvm/java-11-openjdk-amd64/lib/libextnet.so
7effb78fc000-7effb78fd000 rw-p 00001000 103:07 3554377                   /usr/lib/jvm/java-11-openjdk-amd64/lib/libextnet.so
7effb78fd000-7effb7afd000 rw-p 00000000 00:00 0 
7effb7afd000-7effb7b01000 ---p 00000000 00:00 0 
7effb7b01000-7effb7bfe000 rw-p 00000000 00:00 0 
7effb7bfe000-7effb7c02000 ---p 00000000 00:00 0 
7effb7c02000-7effb7cff000 rw-p 00000000 00:00 0 
7effb7cff000-7effb7d03000 ---p 00000000 00:00 0 
7effb7d03000-7effb8000000 rw-p 00000000 00:00 0 
7effb8000000-7effb8021000 rw-p 00000000 00:00 0 
7effb8021000-7effbc000000 ---p 00000000 00:00 0 
7effbc000000-7effbc021000 rw-p 00000000 00:00 0 
7effbc021000-7effc0000000 ---p 00000000 00:00 0 
7effc0000000-7effc0021000 rw-p 00000000 00:00 0 
7effc0021000-7effc4000000 ---p 00000000 00:00 0 
7effc4000000-7effc4021000 rw-p 00000000 00:00 0 
7effc4021000-7effc8000000 ---p 00000000 00:00 0 
7effc8062000-7effc8262000 rw-p 00000000 00:00 0 
7effc8262000-7effc8462000 rw-p 00000000 00:00 0 
7effc8462000-7effc8662000 rw-p 00000000 00:00 0 
7effc8662000-7effc8862000 rw-p 00000000 00:00 0 
7effc8862000-7effc8a62000 rw-p 00000000 00:00 0 
7effc8a62000-7effc8a66000 ---p 00000000 00:00 0 
7effc8a66000-7effc8b63000 rw-p 00000000 00:00 0 
7effc8b63000-7effc8b68000 r-xp 00000000 103:07 1200340                   /usr/lib/x86_64-linux-gnu/libXfixes.so.3.1.0
7effc8b68000-7effc8d67000 ---p 00005000 103:07 1200340                   /usr/lib/x86_64-linux-gnu/libXfixes.so.3.1.0
7effc8d67000-7effc8d68000 r--p 00004000 103:07 1200340                   /usr/lib/x86_64-linux-gnu/libXfixes.so.3.1.0
7effc8d68000-7effc8d69000 rw-p 00005000 103:07 1200340                   /usr/lib/x86_64-linux-gnu/libXfixes.so.3.1.0
7effc8d69000-7effc8d72000 r-xp 00000000 103:07 1200328                   /usr/lib/x86_64-linux-gnu/libXcursor.so.1.0.2
7effc8d72000-7effc8f71000 ---p 00009000 103:07 1200328                   /usr/lib/x86_64-linux-gnu/libXcursor.so.1.0.2
7effc8f71000-7effc8f72000 r--p 00008000 103:07 1200328                   /usr/lib/x86_64-linux-gnu/libXcursor.so.1.0.2
7effc8f72000-7effc8f73000 rw-p 00009000 103:07 1200328                   /usr/lib/x86_64-linux-gnu/libXcursor.so.1.0.2
7effc8f73000-7effc8f74000 ---p 00000000 00:00 0 
7effc8f74000-7effc9774000 rw-p 00000000 00:00 0 
7effc9774000-7effc9775000 ---p 00000000 00:00 0 
7effc9775000-7effc9f75000 rw-p 00000000 00:00 0 
7effc9f75000-7effc9f81000 r-xp 00000000 103:07 1199891                   /usr/lib/x86_64-linux-gnu/gio/modules/libdconfsettings.so
7effc9f81000-7effca180000 ---p 0000c000 103:07 1199891                   /usr/lib/x86_64-linux-gnu/gio/modules/libdconfsettings.so
7effca180000-7effca181000 r--p 0000b000 103:07 1199891                   /usr/lib/x86_64-linux-gnu/gio/modules/libdconfsettings.so
7effca181000-7effca182000 rw-p 0000c000 103:07 1199891                   /usr/lib/x86_64-linux-gnu/gio/modules/libdconfsettings.so
7effca182000-7effca188000 r-xp 00000000 103:07 3409561                   /lib/x86_64-linux-gnu/libuuid.so.1.3.0
7effca188000-7effca387000 ---p 00006000 103:07 3409561                   /lib/x86_64-linux-gnu/libuuid.so.1.3.0
7effca387000-7effca388000 r--p 00005000 103:07 3409561                   /lib/x86_64-linux-gnu/libuuid.so.1.3.0
7effca388000-7effca389000 rw-p 00006000 103:07 3409561                   /lib/x86_64-linux-gnu/libuuid.so.1.3.0
7effca389000-7effca3d0000 r-xp 00000000 103:07 3409471                   /lib/x86_64-linux-gnu/libblkid.so.1.1.0
7effca3d0000-7effca5d0000 ---p 00047000 103:07 3409471                   /lib/x86_64-linux-gnu/libblkid.so.1.1.0
7effca5d0000-7effca5d4000 r--p 00047000 103:07 3409471                   /lib/x86_64-linux-gnu/libblkid.so.1.1.0
7effca5d4000-7effca5d5000 rw-p 0004b000 103:07 3409471                   /lib/x86_64-linux-gnu/libblkid.so.1.1.0
7effca5d5000-7effca5d6000 rw-p 00000000 00:00 0 
7effca5d6000-7effca646000 r-xp 00000000 103:07 3409533                   /lib/x86_64-linux-gnu/libpcre.so.3.13.3
7effca646000-7effca846000 ---p 00070000 103:07 3409533                   /lib/x86_64-linux-gnu/libpcre.so.3.13.3
7effca846000-7effca847000 r--p 00070000 103:07 3409533                   /lib/x86_64-linux-gnu/libpcre.so.3.13.3
7effca847000-7effca848000 rw-p 00071000 103:07 3409533                   /lib/x86_64-linux-gnu/libpcre.so.3.13.3
7effca848000-7effca84f000 r-xp 00000000 103:07 3410242                   /usr/lib/x86_64-linux-gnu/libffi.so.6.0.4
7effca84f000-7effcaa4e000 ---p 00007000 103:07 3410242                   /usr/lib/x86_64-linux-gnu/libffi.so.6.0.4
7effcaa4e000-7effcaa4f000 r--p 00006000 103:07 3410242                   /usr/lib/x86_64-linux-gnu/libffi.so.6.0.4
7effcaa4f000-7effcaa50000 rw-p 00007000 103:07 3410242                   /usr/lib/x86_64-linux-gnu/libffi.so.6.0.4
7effcaa50000-7effcaaa1000 r-xp 00000000 103:07 3409504                   /lib/x86_64-linux-gnu/libmount.so.1.1.0
7effcaaa1000-7effcaca0000 ---p 00051000 103:07 3409504                   /lib/x86_64-linux-gnu/libmount.so.1.1.0
7effcaca0000-7effcaca2000 r--p 00050000 103:07 3409504                   /lib/x86_64-linux-gnu/libmount.so.1.1.0
7effcaca2000-7effcaca3000 rw-p 00052000 103:07 3409504                   /lib/x86_64-linux-gnu/libmount.so.1.1.0
7effcaca3000-7effcaca4000 rw-p 00000000 00:00 0 
7effcaca4000-7effcacbb000 r-xp 00000000 103:07 3409538                   /lib/x86_64-linux-gnu/libresolv-2.27.so
7effcacbb000-7effcaebb000 ---p 00017000 103:07 3409538                   /lib/x86_64-linux-gnu/libresolv-2.27.so
7effcaebb000-7effcaebc000 r--p 00017000 103:07 3409538                   /lib/x86_64-linux-gnu/libresolv-2.27.so
7effcaebc000-7effcaebd000 rw-p 00018000 103:07 3409538                   /lib/x86_64-linux-gnu/libresolv-2.27.so
7effcaebd000-7effcaebf000 rw-p 00000000 00:00 0 
7effcaebf000-7effcaee4000 r-xp 00000000 103:07 3409544                   /lib/x86_64-linux-gnu/libselinux.so.1
7effcaee4000-7effcb0e3000 ---p 00025000 103:07 3409544                   /lib/x86_64-linux-gnu/libselinux.so.1
7effcb0e3000-7effcb0e4000 r--p 00024000 103:07 3409544                   /lib/x86_64-linux-gnu/libselinux.so.1
7effcb0e4000-7effcb0e5000 rw-p 00025000 103:07 3409544                   /lib/x86_64-linux-gnu/libselinux.so.1
7effcb0e5000-7effcb0e7000 rw-p 00000000 00:00 0 
7effcb0e7000-7effcb1fb000 r-xp 00000000 103:07 3017388                   /usr/lib/x86_64-linux-gnu/libglib-2.0.so.0.5600.4
7effcb1fb000-7effcb3fb000 ---p 00114000 103:07 3017388                   /usr/lib/x86_64-linux-gnu/libglib-2.0.so.0.5600.4
7effcb3fb000-7effcb3fc000 r--p 00114000 103:07 3017388                   /usr/lib/x86_64-linux-gnu/libglib-2.0.so.0.5600.4
7effcb3fc000-7effcb3fd000 rw-p 00115000 103:07 3017388                   /usr/lib/x86_64-linux-gnu/libglib-2.0.so.0.5600.4
7effcb3fd000-7effcb3fe000 rw-p 00000000 00:00 0 
7effcb3fe000-7effcb401000 r-xp 00000000 103:07 3017393                   /usr/lib/x86_64-linux-gnu/libgmodule-2.0.so.0.5600.4
7effcb401000-7effcb600000 ---p 00003000 103:07 3017393                   /usr/lib/x86_64-linux-gnu/libgmodule-2.0.so.0.5600.4
7effcb600000-7effcb601000 r--p 00002000 103:07 3017393                   /usr/lib/x86_64-linux-gnu/libgmodule-2.0.so.0.5600.4
7effcb601000-7effcb602000 rw-p 00003000 103:07 3017393                   /usr/lib/x86_64-linux-gnu/libgmodule-2.0.so.0.5600.4
7effcb602000-7effcb654000 r-xp 00000000 103:07 3017398                   /usr/lib/x86_64-linux-gnu/libgobject-2.0.so.0.5600.4
7effcb654000-7effcb854000 ---p 00052000 103:07 3017398                   /usr/lib/x86_64-linux-gnu/libgobject-2.0.so.0.5600.4
7effcb854000-7effcb855000 r--p 00052000 103:07 3017398                   /usr/lib/x86_64-linux-gnu/libgobject-2.0.so.0.5600.4
7effcb855000-7effcb856000 rw-p 00053000 103:07 3017398                   /usr/lib/x86_64-linux-gnu/libgobject-2.0.so.0.5600.4
7effcb856000-7effcb9eb000 r-xp 00000000 103:07 3017383                   /usr/lib/x86_64-linux-gnu/libgio-2.0.so.0.5600.4
7effcb9eb000-7effcbbeb000 ---p 00195000 103:07 3017383                   /usr/lib/x86_64-linux-gnu/libgio-2.0.so.0.5600.4
7effcbbeb000-7effcbbf2000 r--p 00195000 103:07 3017383                   /usr/lib/x86_64-linux-gnu/libgio-2.0.so.0.5600.4
7effcbbf2000-7effcbbf3000 rw-p 0019c000 103:07 3017383                   /usr/lib/x86_64-linux-gnu/libgio-2.0.so.0.5600.4
7effcbbf3000-7effcbbf5000 rw-p 00000000 00:00 0 
7effcbbf5000-7effcbbff000 r-xp 00000000 103:07 1200352                   /usr/lib/x86_64-linux-gnu/libXrandr.so.2.2.0
7effcbbff000-7effcbdfe000 ---p 0000a000 103:07 1200352                   /usr/lib/x86_64-linux-gnu/libXrandr.so.2.2.0
7effcbdfe000-7effcbdff000 r--p 00009000 103:07 1200352                   /usr/lib/x86_64-linux-gnu/libXrandr.so.2.2.0
7effcbdff000-7effcbe00000 rw-p 0000a000 103:07 1200352                   /usr/lib/x86_64-linux-gnu/libXrandr.so.2.2.0
7effcbe00000-7effcc000000 rw-p 00000000 00:00 0 
7effcc000000-7effcc021000 rw-p 00000000 00:00 0 
7effcc021000-7effd0000000 ---p 00000000 00:00 0 
7effd0000000-7effd0021000 rw-p 00000000 00:00 0 
7effd0021000-7effd4000000 ---p 00000000 00:00 0 
7effd4000000-7effd4c25000 rw-p 00000000 00:00 0 
7effd4c25000-7effd8000000 ---p 00000000 00:00 0 
7effd8000000-7effd8021000 rw-p 00000000 00:00 0 
7effd8021000-7effdc000000 ---p 00000000 00:00 0 
7effdc000000-7effdd8bb000 rw-p 00000000 00:00 0 
7effdd8bb000-7effe0000000 ---p 00000000 00:00 0 
7effe0000000-7effe1b11000 rw-p 00000000 00:00 0 
7effe1b11000-7effe4000000 ---p 00000000 00:00 0 
7effe4000000-7effe4021000 rw-p 00000000 00:00 0 
7effe4021000-7effe8000000 ---p 00000000 00:00 0 
7effe8000000-7effea3b3000 rw-p 00000000 00:00 0 
7effea3b3000-7effec000000 ---p 00000000 00:00 0 
7effec000000-7effec021000 rw-p 00000000 00:00 0 
7effec021000-7efff0000000 ---p 00000000 00:00 0 
7efff0000000-7efff0021000 rw-p 00000000 00:00 0 
7efff0021000-7efff4000000 ---p 00000000 00:00 0 
7efff4000000-7efff4021000 rw-p 00000000 00:00 0 
7efff4021000-7efff8000000 ---p 00000000 00:00 0 
7efff8000000-7efff8285000 rw-p 00000000 00:00 0 
7efff8285000-7efffc000000 ---p 00000000 00:00 0 
7efffc000000-7efffc021000 rw-p 00000000 00:00 0 
7efffc021000-7f0000000000 ---p 00000000 00:00 0 
7f0000000000-7f0000021000 rw-p 00000000 00:00 0 
7f0000021000-7f0004000000 ---p 00000000 00:00 0 
7f0004000000-7f0004021000 rw-p 00000000 00:00 0 
7f0004021000-7f0008000000 ---p 00000000 00:00 0 
7f0008000000-7f0008021000 rw-p 00000000 00:00 0 
7f0008021000-7f000c000000 ---p 00000000 00:00 0 
7f000c04e000-7f000c07f000 r-xp 00000000 103:07 3017732                   /usr/lib/x86_64-linux-gnu/libpng16.so.16.34.0
7f000c07f000-7f000c27e000 ---p 00031000 103:07 3017732                   /usr/lib/x86_64-linux-gnu/libpng16.so.16.34.0
7f000c27e000-7f000c27f000 r--p 00030000 103:07 3017732                   /usr/lib/x86_64-linux-gnu/libpng16.so.16.34.0
7f000c27f000-7f000c280000 rw-p 00031000 103:07 3017732                   /usr/lib/x86_64-linux-gnu/libpng16.so.16.34.0
7f000c280000-7f000c32d000 r-xp 00000000 103:07 1200667                   /usr/lib/x86_64-linux-gnu/libfreetype.so.6.15.0
7f000c32d000-7f000c52c000 ---p 000ad000 103:07 1200667                   /usr/lib/x86_64-linux-gnu/libfreetype.so.6.15.0
7f000c52c000-7f000c533000 r--p 000ac000 103:07 1200667                   /usr/lib/x86_64-linux-gnu/libfreetype.so.6.15.0
7f000c533000-7f000c534000 rw-p 000b3000 103:07 1200667                   /usr/lib/x86_64-linux-gnu/libfreetype.so.6.15.0
7f000c534000-7f000c5c9000 r-xp 00000000 103:07 3554378                   /usr/lib/jvm/java-11-openjdk-amd64/lib/libfontmanager.so
7f000c5c9000-7f000c7c9000 ---p 00095000 103:07 3554378                   /usr/lib/jvm/java-11-openjdk-amd64/lib/libfontmanager.so
7f000c7c9000-7f000c7ca000 r--p 00095000 103:07 3554378                   /usr/lib/jvm/java-11-openjdk-amd64/lib/libfontmanager.so
7f000c7ca000-7f000c7cb000 rw-p 00096000 103:07 3554378                   /usr/lib/jvm/java-11-openjdk-amd64/lib/libfontmanager.so
7f000c7cb000-7f000c7cc000 rw-p 00000000 00:00 0 
7f000c7cc000-7f000c7df000 r-xp 00000000 103:07 3416715                   /lib/x86_64-linux-gnu/libbsd.so.0.8.7
7f000c7df000-7f000c9de000 ---p 00013000 103:07 3416715                   /lib/x86_64-linux-gnu/libbsd.so.0.8.7
7f000c9de000-7f000c9df000 r--p 00012000 103:07 3416715                   /lib/x86_64-linux-gnu/libbsd.so.0.8.7
7f000c9df000-7f000c9e0000 rw-p 00013000 103:07 3416715                   /lib/x86_64-linux-gnu/libbsd.so.0.8.7
7f000c9e0000-7f000c9e1000 rw-p 00000000 00:00 0 
7f000c9e1000-7f000c9e6000 r-xp 00000000 103:07 3416999                   /usr/lib/x86_64-linux-gnu/libXdmcp.so.6.0.0
7f000c9e6000-7f000cbe5000 ---p 00005000 103:07 3416999                   /usr/lib/x86_64-linux-gnu/libXdmcp.so.6.0.0
7f000cbe5000-7f000cbe6000 r--p 00004000 103:07 3416999                   /usr/lib/x86_64-linux-gnu/libXdmcp.so.6.0.0
7f000cbe6000-7f000cbe7000 rw-p 00005000 103:07 3416999                   /usr/lib/x86_64-linux-gnu/libXdmcp.so.6.0.0
7f000cbe7000-7f000cbe9000 r-xp 00000000 103:07 3416997                   /usr/lib/x86_64-linux-gnu/libXau.so.6.0.0
7f000cbe9000-7f000cde9000 ---p 00002000 103:07 3416997                   /usr/lib/x86_64-linux-gnu/libXau.so.6.0.0
7f000cde9000-7f000cdea000 r--p 00002000 103:07 3416997                   /usr/lib/x86_64-linux-gnu/libXau.so.6.0.0
7f000cdea000-7f000cdeb000 rw-p 00003000 103:07 3416997                   /usr/lib/x86_64-linux-gnu/libXau.so.6.0.0
7f000cdeb000-7f000ce11000 r-xp 00000000 103:07 3417062                   /usr/lib/x86_64-linux-gnu/libxcb.so.1.1.0
7f000ce11000-7f000d011000 ---p 00026000 103:07 3417062                   /usr/lib/x86_64-linux-gnu/libxcb.so.1.1.0
7f000d011000-7f000d012000 r--p 00026000 103:07 3417062                   /usr/lib/x86_64-linux-gnu/libxcb.so.1.1.0
7f000d012000-7f000d013000 rw-p 00027000 103:07 3417062                   /usr/lib/x86_64-linux-gnu/libxcb.so.1.1.0
7f000d013000-7f000d022000 r-xp 00000000 103:07 1200344                   /usr/lib/x86_64-linux-gnu/libXi.so.6.1.0
7f000d022000-7f000d221000 ---p 0000f000 103:07 1200344                   /usr/lib/x86_64-linux-gnu/libXi.so.6.1.0
7f000d221000-7f000d222000 r--p 0000e000 103:07 1200344                   /usr/lib/x86_64-linux-gnu/libXi.so.6.1.0
7f000d222000-7f000d223000 rw-p 0000f000 103:07 1200344                   /usr/lib/x86_64-linux-gnu/libXi.so.6.1.0
7f000d223000-7f000d228000 r-xp 00000000 103:07 1200362                   /usr/lib/x86_64-linux-gnu/libXtst.so.6.1.0
7f000d228000-7f000d427000 ---p 00005000 103:07 1200362                   /usr/lib/x86_64-linux-gnu/libXtst.so.6.1.0
7f000d427000-7f000d428000 r--p 00004000 103:07 1200362                   /usr/lib/x86_64-linux-gnu/libXtst.so.6.1.0
7f000d428000-7f000d429000 rw-p 00005000 103:07 1200362                   /usr/lib/x86_64-linux-gnu/libXtst.so.6.1.0
7f000d429000-7f000d432000 r-xp 00000000 103:07 1200354                   /usr/lib/x86_64-linux-gnu/libXrender.so.1.3.0
7f000d432000-7f000d631000 ---p 00009000 103:07 1200354                   /usr/lib/x86_64-linux-gnu/libXrender.so.1.3.0
7f000d631000-7f000d632000 r--p 00008000 103:07 1200354                   /usr/lib/x86_64-linux-gnu/libXrender.so.1.3.0
7f000d632000-7f000d633000 rw-p 00009000 103:07 1200354                   /usr/lib/x86_64-linux-gnu/libXrender.so.1.3.0
7f000d633000-7f000d766000 r-xp 00000000 103:07 3416995                   /usr/lib/x86_64-linux-gnu/libX11.so.6.3.0
7f000d766000-7f000d966000 ---p 00133000 103:07 3416995                   /usr/lib/x86_64-linux-gnu/libX11.so.6.3.0
7f000d966000-7f000d967000 r--p 00133000 103:07 3416995                   /usr/lib/x86_64-linux-gnu/libX11.so.6.3.0
7f000d967000-7f000d96b000 rw-p 00134000 103:07 3416995                   /usr/lib/x86_64-linux-gnu/libX11.so.6.3.0
7f000d96b000-7f000d97c000 r-xp 00000000 103:07 3417001                   /usr/lib/x86_64-linux-gnu/libXext.so.6.4.0
7f000d97c000-7f000db7b000 ---p 00011000 103:07 3417001                   /usr/lib/x86_64-linux-gnu/libXext.so.6.4.0
7f000db7b000-7f000db7c000 r--p 00010000 103:07 3417001                   /usr/lib/x86_64-linux-gnu/libXext.so.6.4.0
7f000db7c000-7f000db7d000 rw-p 00011000 103:07 3417001                   /usr/lib/x86_64-linux-gnu/libXext.so.6.4.0
7f000db7d000-7f000dbdc000 r-xp 00000000 103:07 3554375                   /usr/lib/jvm/java-11-openjdk-amd64/lib/libawt_xawt.so
7f000dbdc000-7f000dddb000 ---p 0005f000 103:07 3554375                   /usr/lib/jvm/java-11-openjdk-amd64/lib/libawt_xawt.so
7f000dddb000-7f000dddc000 r--p 0005e000 103:07 3554375                   /usr/lib/jvm/java-11-openjdk-amd64/lib/libawt_xawt.so
7f000dddc000-7f000dddf000 rw-p 0005f000 103:07 3554375                   /usr/lib/jvm/java-11-openjdk-amd64/lib/libawt_xawt.so
7f000dddf000-7f000dde1000 rw-p 00000000 00:00 0 
7f000dde1000-7f000de81000 r-xp 00000000 103:07 3554373                   /usr/lib/jvm/java-11-openjdk-amd64/lib/libawt.so
7f000de81000-7f000e081000 ---p 000a0000 103:07 3554373                   /usr/lib/jvm/java-11-openjdk-amd64/lib/libawt.so
7f000e081000-7f000e082000 r--p 000a0000 103:07 3554373                   /usr/lib/jvm/java-11-openjdk-amd64/lib/libawt.so
7f000e082000-7f000e08d000 rw-p 000a1000 103:07 3554373                   /usr/lib/jvm/java-11-openjdk-amd64/lib/libawt.so
7f000e08d000-7f000e0b2000 rw-p 00000000 00:00 0 
7f000e0b2000-7f000e0c9000 r-xp 00000000 103:07 3554397                   /usr/lib/jvm/java-11-openjdk-amd64/lib/libnet.so
7f000e0c9000-7f000e2c8000 ---p 00017000 103:07 3554397                   /usr/lib/jvm/java-11-openjdk-amd64/lib/libnet.so
7f000e2c8000-7f000e2c9000 r--p 00016000 103:07 3554397                   /usr/lib/jvm/java-11-openjdk-amd64/lib/libnet.so
7f000e2c9000-7f000e2ca000 rw-p 00017000 103:07 3554397                   /usr/lib/jvm/java-11-openjdk-amd64/lib/libnet.so
7f000e2ca000-7f000e2db000 r-xp 00000000 103:07 3554398                   /usr/lib/jvm/java-11-openjdk-amd64/lib/libnio.so
7f000e2db000-7f000e4da000 ---p 00011000 103:07 3554398                   /usr/lib/jvm/java-11-openjdk-amd64/lib/libnio.so
7f000e4da000-7f000e4db000 r--p 00010000 103:07 3554398                   /usr/lib/jvm/java-11-openjdk-amd64/lib/libnio.so
7f000e4db000-7f000e4dc000 rw-p 00011000 103:07 3554398                   /usr/lib/jvm/java-11-openjdk-amd64/lib/libnio.so
7f000e4dc000-7f000e4e0000 ---p 00000000 00:00 0 
7f000e4e0000-7f000e5dd000 rw-p 00000000 00:00 0 
7f000e5dd000-7f000e5de000 ---p 00000000 00:00 0 
7f000e5de000-7f000e6df000 rw-p 00000000 00:00 0 
7f000e6df000-7f000e6e3000 ---p 00000000 00:00 0 
7f000e6e3000-7f000e7e0000 rw-p 00000000 00:00 0 
7f000e7e0000-7f000e7e4000 ---p 00000000 00:00 0 
7f000e7e4000-7f000e8e1000 rw-p 00000000 00:00 0 
7f000e8e1000-7f000e8e5000 ---p 00000000 00:00 0 
7f000e8e5000-7f000e9e2000 rw-p 00000000 00:00 0 
7f000e9e2000-7f000e9e6000 ---p 00000000 00:00 0 
7f000e9e6000-7f000eae3000 rw-p 00000000 00:00 0 
7f000eae3000-7f000eae7000 ---p 00000000 00:00 0 
7f000eae7000-7f000ebe4000 rw-p 00000000 00:00 0 
7f000ebe4000-7f000ebe8000 ---p 00000000 00:00 0 
7f000ebe8000-7f000ece5000 rw-p 00000000 00:00 0 
7f000ece5000-7f000ece9000 ---p 00000000 00:00 0 
7f000ece9000-7f000ede6000 rw-p 00000000 00:00 0 
7f000ede6000-7f000ef59000 r--p 00000000 103:07 3409952                   /usr/lib/locale/C.UTF-8/LC_COLLATE
7f000ef59000-7f000f0f4000 r--p 00000000 103:07 3801162                   /usr/lib/locale/locale-archive
7f000f0f4000-7f000f0f8000 ---p 00000000 00:00 0 
7f000f0f8000-7f000f1f5000 rw-p 00000000 00:00 0 
7f000f1f5000-7f000f1f9000 ---p 00000000 00:00 0 
7f000f1f9000-7f000f2f6000 rw-p 00000000 00:00 0 
7f000f2f6000-7f000f2f7000 ---p 00000000 00:00 0 
7f000f2f7000-7f000fbf8000 rw-p 00000000 00:00 0 
7f000fbf8000-7f000fbf9000 ---p 00000000 00:00 0 
7f000fbf9000-7f000fcfa000 rw-p 00000000 00:00 0 
7f000fcfa000-7f000fcfb000 ---p 00000000 00:00 0 
7f000fcfb000-7f000fdfc000 rw-p 00000000 00:00 0 
7f000fdfc000-7f000fdfd000 ---p 00000000 00:00 0 
7f000fdfd000-7f000fefe000 rw-p 00000000 00:00 0 
7f000fefe000-7f000feff000 ---p 00000000 00:00 0 
7f000feff000-7f0010000000 rw-p 00000000 00:00 0 
7f0010000000-7f0010021000 rw-p 00000000 00:00 0 
7f0010021000-7f0014000000 ---p 00000000 00:00 0 
7f0014000000-7f0014021000 rw-p 00000000 00:00 0 
7f0014021000-7f0018000000 ---p 00000000 00:00 0 
7f0018000000-7f0018021000 rw-p 00000000 00:00 0 
7f0018021000-7f001c000000 ---p 00000000 00:00 0 
7f001c000000-7f001c021000 rw-p 00000000 00:00 0 
7f001c021000-7f0020000000 ---p 00000000 00:00 0 
7f0020000000-7f0020021000 rw-p 00000000 00:00 0 
7f0020021000-7f0024000000 ---p 00000000 00:00 0 
7f0024000000-7f0024021000 rw-p 00000000 00:00 0 
7f0024021000-7f0028000000 ---p 00000000 00:00 0 
7f0028000000-7f0028021000 rw-p 00000000 00:00 0 
7f0028021000-7f002c000000 ---p 00000000 00:00 0 
7f002c095000-7f002c0c6000 rw-p 00000000 00:00 0 
7f002c0c6000-7f002c0c7000 ---p 00000000 00:00 0 
7f002c0c7000-7f002c5b0000 rw-p 00000000 00:00 0 
7f002c5b0000-7f0030000000 ---p 00000000 00:00 0 
7f0030000000-7f0030021000 rw-p 00000000 00:00 0 
7f0030021000-7f0034000000 ---p 00000000 00:00 0 
7f003401f000-7f0034050000 r--p 00000000 103:07 3409953                   /usr/lib/locale/C.UTF-8/LC_CTYPE
7f0034050000-7f00340c6000 rw-p 00000000 00:00 0 
7f00340c6000-7f00340c7000 ---p 00000000 00:00 0 
7f00340c7000-7f00345b0000 rw-p 00000000 00:00 0 
7f00345b0000-7f0038000000 ---p 00000000 00:00 0 
7f0038000000-7f0038021000 rw-p 00000000 00:00 0 
7f0038021000-7f003c000000 ---p 00000000 00:00 0 
7f003c000000-7f003c021000 rw-p 00000000 00:00 0 
7f003c021000-7f0040000000 ---p 00000000 00:00 0 
7f0040000000-7f0040021000 rw-p 00000000 00:00 0 
7f0040021000-7f0044000000 ---p 00000000 00:00 0 
7f0044000000-7f0044021000 rw-p 00000000 00:00 0 
7f0044021000-7f0048000000 ---p 00000000 00:00 0 
7f0048000000-7f0048021000 rw-p 00000000 00:00 0 
7f0048021000-7f004c000000 ---p 00000000 00:00 0 
7f004c000000-7f004c021000 rw-p 00000000 00:00 0 
7f004c021000-7f0050000000 ---p 00000000 00:00 0 
7f0050000000-7f0050021000 rw-p 00000000 00:00 0 
7f0050021000-7f0054000000 ---p 00000000 00:00 0 
7f005402e000-7f0054089000 rw-p 00000000 00:00 0 
7f0054089000-7f005408a000 ---p 00000000 00:00 0 
7f005408a000-7f005418b000 rw-p 00000000 00:00 0 
7f005418b000-7f005418c000 ---p 00000000 00:00 0 
7f005418c000-7f005428d000 rw-p 00000000 00:00 0 
7f005428d000-7f005428e000 ---p 00000000 00:00 0 
7f005428e000-7f0056c14000 rw-p 00000000 00:00 0 
7f0056c14000-7f005735e000 ---p 00000000 00:00 0 
7f005735e000-7f00573db000 rw-p 00000000 00:00 0 
7f00573db000-7f0057b25000 ---p 00000000 00:00 0 
7f0057b25000-7f0057d95000 rwxp 00000000 00:00 0 
7f0057d95000-7f00580b6000 ---p 00000000 00:00 0 
7f00580b6000-7f00589d6000 rwxp 00000000 00:00 0 
7f00589d6000-7f005f5ed000 ---p 00000000 00:00 0 
7f005f5ed000-7f005fc4d000 rwxp 00000000 00:00 0 
7f005fc4d000-7f0066b25000 ---p 00000000 00:00 0 
7f0066b25000-7f0070000000 r--s 00000000 103:07 3554408                   /usr/lib/jvm/java-11-openjdk-amd64/lib/modules
7f0070000000-7f0070d01000 rw-p 00000000 00:00 0 
7f0070d01000-7f0074000000 ---p 00000000 00:00 0 
7f007401d000-7f007401e000 ---p 00000000 00:00 0 
7f007401e000-7f007411f000 rw-p 00000000 00:00 0 
7f007411f000-7f0074120000 ---p 00000000 00:00 0 
7f0074120000-7f0074221000 rw-p 00000000 00:00 0 
7f0074221000-7f0074222000 ---p 00000000 00:00 0 
7f0074222000-7f0074499000 rw-p 00000000 00:00 0 
7f0074499000-7f0074be3000 ---p 00000000 00:00 0 
7f0074be3000-7f00753eb000 rw-p 00000000 00:00 0 
7f00753eb000-7f00753ec000 ---p 00000000 00:00 0 
7f00753ec000-7f00754ed000 rw-p 00000000 00:00 0 
7f00754ed000-7f00754ee000 ---p 00000000 00:00 0 
7f00754ee000-7f00755ef000 rw-p 00000000 00:00 0 
7f00755ef000-7f00755f0000 ---p 00000000 00:00 0 
7f00755f0000-7f00756f1000 rw-p 00000000 00:00 0 
7f00756f1000-7f00756f2000 ---p 00000000 00:00 0 
7f00756f2000-7f00757f3000 rw-p 00000000 00:00 0 
7f00757f3000-7f00757f4000 ---p 00000000 00:00 0 
7f00757f4000-7f00758f5000 rw-p 00000000 00:00 0 
7f00758f5000-7f00758f6000 ---p 00000000 00:00 0 
7f00758f6000-7f00759f7000 rw-p 00000000 00:00 0 
7f00759f7000-7f00759f8000 ---p 00000000 00:00 0 
7f00759f8000-7f0075af9000 rw-p 00000000 00:00 0 
7f0075af9000-7f0075afa000 ---p 00000000 00:00 0 
7f0075afa000-7f0075c08000 rw-p 00000000 00:00 0 
7f0075c08000-7f0075ce6000 ---p 00000000 00:00 0 
7f0075ce6000-7f0075cf9000 rw-p 00000000 00:00 0 
7f0075cf9000-7f0075dd1000 ---p 00000000 00:00 0 
7f0075dd1000-7f0075dd6000 r-xp 00000000 103:07 3554388                   /usr/lib/jvm/java-11-openjdk-amd64/lib/libjimage.so
7f0075dd6000-7f0075fd5000 ---p 00005000 103:07 3554388                   /usr/lib/jvm/java-11-openjdk-amd64/lib/libjimage.so
7f0075fd5000-7f0075fd6000 r--p 00004000 103:07 3554388                   /usr/lib/jvm/java-11-openjdk-amd64/lib/libjimage.so
7f0075fd6000-7f0075fd7000 rw-p 00005000 103:07 3554388                   /usr/lib/jvm/java-11-openjdk-amd64/lib/libjimage.so
7f0075fd7000-7f0075fde000 r-xp 00000000 103:07 3554407                   /usr/lib/jvm/java-11-openjdk-amd64/lib/libzip.so
7f0075fde000-7f00761dd000 ---p 00007000 103:07 3554407                   /usr/lib/jvm/java-11-openjdk-amd64/lib/libzip.so
7f00761dd000-7f00761de000 r--p 00006000 103:07 3554407                   /usr/lib/jvm/java-11-openjdk-amd64/lib/libzip.so
7f00761de000-7f00761df000 rw-p 00007000 103:07 3554407                   /usr/lib/jvm/java-11-openjdk-amd64/lib/libzip.so
7f00761df000-7f00761ea000 r-xp 00000000 103:07 3409517                   /lib/x86_64-linux-gnu/libnss_files-2.27.so
7f00761ea000-7f00763e9000 ---p 0000b000 103:07 3409517                   /lib/x86_64-linux-gnu/libnss_files-2.27.so
7f00763e9000-7f00763ea000 r--p 0000a000 103:07 3409517                   /lib/x86_64-linux-gnu/libnss_files-2.27.so
7f00763ea000-7f00763eb000 rw-p 0000b000 103:07 3409517                   /lib/x86_64-linux-gnu/libnss_files-2.27.so
7f00763eb000-7f00763f1000 rw-p 00000000 00:00 0 
7f00763f1000-7f0076408000 r-xp 00000000 103:07 3409511                   /lib/x86_64-linux-gnu/libnsl-2.27.so
7f0076408000-7f0076607000 ---p 00017000 103:07 3409511                   /lib/x86_64-linux-gnu/libnsl-2.27.so
7f0076607000-7f0076608000 r--p 00016000 103:07 3409511                   /lib/x86_64-linux-gnu/libnsl-2.27.so
7f0076608000-7f0076609000 rw-p 00017000 103:07 3409511                   /lib/x86_64-linux-gnu/libnsl-2.27.so
7f0076609000-7f007660b000 rw-p 00000000 00:00 0 
7f007660b000-7f0076616000 r-xp 00000000 103:07 3409521                   /lib/x86_64-linux-gnu/libnss_nis-2.27.so
7f0076616000-7f0076815000 ---p 0000b000 103:07 3409521                   /lib/x86_64-linux-gnu/libnss_nis-2.27.so
7f0076815000-7f0076816000 r--p 0000a000 103:07 3409521                   /lib/x86_64-linux-gnu/libnss_nis-2.27.so
7f0076816000-7f0076817000 rw-p 0000b000 103:07 3409521                   /lib/x86_64-linux-gnu/libnss_nis-2.27.so
7f0076817000-7f007681f000 r-xp 00000000 103:07 3409513                   /lib/x86_64-linux-gnu/libnss_compat-2.27.so
7f007681f000-7f0076a1f000 ---p 00008000 103:07 3409513                   /lib/x86_64-linux-gnu/libnss_compat-2.27.so
7f0076a1f000-7f0076a20000 r--p 00008000 103:07 3409513                   /lib/x86_64-linux-gnu/libnss_compat-2.27.so
7f0076a20000-7f0076a21000 rw-p 00009000 103:07 3409513                   /lib/x86_64-linux-gnu/libnss_compat-2.27.so
7f0076a21000-7f0076a4d000 r-xp 00000000 103:07 3554384                   /usr/lib/jvm/java-11-openjdk-amd64/lib/libjava.so
7f0076a4d000-7f0076c4c000 ---p 0002c000 103:07 3554384                   /usr/lib/jvm/java-11-openjdk-amd64/lib/libjava.so
7f0076c4c000-7f0076c4d000 r--p 0002b000 103:07 3554384                   /usr/lib/jvm/java-11-openjdk-amd64/lib/libjava.so
7f0076c4d000-7f0076c4f000 rw-p 0002c000 103:07 3554384                   /usr/lib/jvm/java-11-openjdk-amd64/lib/libjava.so
7f0076c4f000-7f0076c5c000 r-xp 00000000 103:07 3554406                   /usr/lib/jvm/java-11-openjdk-amd64/lib/libverify.so
7f0076c5c000-7f0076e5b000 ---p 0000d000 103:07 3554406                   /usr/lib/jvm/java-11-openjdk-amd64/lib/libverify.so
7f0076e5b000-7f0076e5d000 r--p 0000c000 103:07 3554406                   /usr/lib/jvm/java-11-openjdk-amd64/lib/libverify.so
7f0076e5d000-7f0076e5e000 rw-p 0000e000 103:07 3554406                   /usr/lib/jvm/java-11-openjdk-amd64/lib/libverify.so
7f0076e5e000-7f0076e65000 r-xp 00000000 103:07 3409540                   /lib/x86_64-linux-gnu/librt-2.27.so
7f0076e65000-7f0077064000 ---p 00007000 103:07 3409540                   /lib/x86_64-linux-gnu/librt-2.27.so
7f0077064000-7f0077065000 r--p 00006000 103:07 3409540                   /lib/x86_64-linux-gnu/librt-2.27.so
7f0077065000-7f0077066000 rw-p 00007000 103:07 3409540                   /lib/x86_64-linux-gnu/librt-2.27.so
7f0077066000-7f007707d000 r-xp 00000000 103:07 3409493                   /lib/x86_64-linux-gnu/libgcc_s.so.1
7f007707d000-7f007727c000 ---p 00017000 103:07 3409493                   /lib/x86_64-linux-gnu/libgcc_s.so.1
7f007727c000-7f007727d000 r--p 00016000 103:07 3409493                   /lib/x86_64-linux-gnu/libgcc_s.so.1
7f007727d000-7f007727e000 rw-p 00017000 103:07 3409493                   /lib/x86_64-linux-gnu/libgcc_s.so.1
7f007727e000-7f007741b000 r-xp 00000000 103:07 3409500                   /lib/x86_64-linux-gnu/libm-2.27.so
7f007741b000-7f007761a000 ---p 0019d000 103:07 3409500                   /lib/x86_64-linux-gnu/libm-2.27.so
7f007761a000-7f007761b000 r--p 0019c000 103:07 3409500                   /lib/x86_64-linux-gnu/libm-2.27.so
7f007761b000-7f007761c000 rw-p 0019d000 103:07 3409500                   /lib/x86_64-linux-gnu/libm-2.27.so
7f007761c000-7f0077795000 r-xp 00000000 103:07 3410273                   /usr/lib/x86_64-linux-gnu/libstdc++.so.6.0.25
7f0077795000-7f0077995000 ---p 00179000 103:07 3410273                   /usr/lib/x86_64-linux-gnu/libstdc++.so.6.0.25
7f0077995000-7f007799f000 r--p 00179000 103:07 3410273                   /usr/lib/x86_64-linux-gnu/libstdc++.so.6.0.25
7f007799f000-7f00779a1000 rw-p 00183000 103:07 3410273                   /usr/lib/x86_64-linux-gnu/libstdc++.so.6.0.25
7f00779a1000-7f00779a5000 rw-p 00000000 00:00 0 
7f00779a5000-7f0078942000 r-xp 00000000 103:07 3554419                   /usr/lib/jvm/java-11-openjdk-amd64/lib/server/libjvm.so
7f0078942000-7f0078b42000 ---p 00f9d000 103:07 3554419                   /usr/lib/jvm/java-11-openjdk-amd64/lib/server/libjvm.so
7f0078b42000-7f0078c06000 r--p 00f9d000 103:07 3554419                   /usr/lib/jvm/java-11-openjdk-amd64/lib/server/libjvm.so
7f0078c06000-7f0078c3e000 rw-p 01061000 103:07 3554419                   /usr/lib/jvm/java-11-openjdk-amd64/lib/server/libjvm.so
7f0078c3e000-7f0078c87000 rw-p 00000000 00:00 0 
7f0078c87000-7f0078ca1000 r-xp 00000000 103:07 3409536                   /lib/x86_64-linux-gnu/libpthread-2.27.so
7f0078ca1000-7f0078ea0000 ---p 0001a000 103:07 3409536                   /lib/x86_64-linux-gnu/libpthread-2.27.so
7f0078ea0000-7f0078ea1000 r--p 00019000 103:07 3409536                   /lib/x86_64-linux-gnu/libpthread-2.27.so
7f0078ea1000-7f0078ea2000 rw-p 0001a000 103:07 3409536                   /lib/x86_64-linux-gnu/libpthread-2.27.so
7f0078ea2000-7f0078ea6000 rw-p 00000000 00:00 0 
7f0078ea6000-7f0078ea9000 r-xp 00000000 103:07 3409485                   /lib/x86_64-linux-gnu/libdl-2.27.so
7f0078ea9000-7f00790a8000 ---p 00003000 103:07 3409485                   /lib/x86_64-linux-gnu/libdl-2.27.so
7f00790a8000-7f00790a9000 r--p 00002000 103:07 3409485                   /lib/x86_64-linux-gnu/libdl-2.27.so
7f00790a9000-7f00790aa000 rw-p 00003000 103:07 3409485                   /lib/x86_64-linux-gnu/libdl-2.27.so
7f00790aa000-7f00790c6000 r-xp 00000000 103:07 3409563                   /lib/x86_64-linux-gnu/libz.so.1.2.11
7f00790c6000-7f00792c5000 ---p 0001c000 103:07 3409563                   /lib/x86_64-linux-gnu/libz.so.1.2.11
7f00792c5000-7f00792c6000 r--p 0001b000 103:07 3409563                   /lib/x86_64-linux-gnu/libz.so.1.2.11
7f00792c6000-7f00792c7000 rw-p 0001c000 103:07 3409563                   /lib/x86_64-linux-gnu/libz.so.1.2.11
7f00792c7000-7f00794ae000 r-xp 00000000 103:07 3409475                   /lib/x86_64-linux-gnu/libc-2.27.so
7f00794ae000-7f00796ae000 ---p 001e7000 103:07 3409475                   /lib/x86_64-linux-gnu/libc-2.27.so
7f00796ae000-7f00796b2000 r--p 001e7000 103:07 3409475                   /lib/x86_64-linux-gnu/libc-2.27.so
7f00796b2000-7f00796b4000 rw-p 001eb000 103:07 3409475                   /lib/x86_64-linux-gnu/libc-2.27.so
7f00796b4000-7f00796b8000 rw-p 00000000 00:00 0 
7f00796b8000-7f00796c7000 r-xp 00000000 103:07 3554368                   /usr/lib/jvm/java-11-openjdk-amd64/lib/jli/libjli.so
7f00796c7000-7f00798c6000 ---p 0000f000 103:07 3554368                   /usr/lib/jvm/java-11-openjdk-amd64/lib/jli/libjli.so
7f00798c6000-7f00798c7000 r--p 0000e000 103:07 3554368                   /usr/lib/jvm/java-11-openjdk-amd64/lib/jli/libjli.so
7f00798c7000-7f00798c8000 rw-p 0000f000 103:07 3554368                   /usr/lib/jvm/java-11-openjdk-amd64/lib/jli/libjli.so
7f00798c8000-7f00798ef000 r-xp 00000000 103:07 3409457                   /lib/x86_64-linux-gnu/ld-2.27.so
7f0079907000-7f00799b4000 rw-p 00000000 00:00 0 
7f00799b4000-7f00799b8000 ---p 00000000 00:00 0 
7f00799b8000-7f0079ab7000 rw-p 00000000 00:00 0 
7f0079abb000-7f0079abc000 r--s 00000000 103:07 3443646                   /root/.cache/dconf/user
7f0079abc000-7f0079ac5000 r--p 00000000 103:07 3018158                   /usr/share/glib-2.0/schemas/gschemas.compiled
7f0079ac5000-7f0079ac6000 r--p 00000000 103:07 3409960                   /usr/lib/locale/C.UTF-8/LC_NUMERIC
7f0079ac6000-7f0079ac7000 r--p 00000000 103:07 3409963                   /usr/lib/locale/C.UTF-8/LC_TIME
7f0079ac7000-7f0079ac8000 r--p 00000000 103:07 3409958                   /usr/lib/locale/C.UTF-8/LC_MONETARY
7f0079ac8000-7f0079ac9000 r--p 00000000 103:07 3409957                   /usr/lib/locale/C.UTF-8/LC_MESSAGES/SYS_LC_MESSAGES
7f0079ac9000-7f0079aca000 r--p 00000000 103:07 3409961                   /usr/lib/locale/C.UTF-8/LC_PAPER
7f0079aca000-7f0079acb000 r--p 00000000 103:07 3409959                   /usr/lib/locale/C.UTF-8/LC_NAME
7f0079acb000-7f0079acc000 r--p 00000000 103:07 3409951                   /usr/lib/locale/C.UTF-8/LC_ADDRESS
7f0079acc000-7f0079acd000 r--p 00000000 103:07 3409962                   /usr/lib/locale/C.UTF-8/LC_TELEPHONE
7f0079acd000-7f0079ace000 r--p 00000000 103:07 3409955                   /usr/lib/locale/C.UTF-8/LC_MEASUREMENT
7f0079ace000-7f0079ad5000 r--s 00000000 103:07 3410227                   /usr/lib/x86_64-linux-gnu/gconv/gconv-modules.cache
7f0079ad5000-7f0079ad6000 r--p 00000000 103:07 3409954                   /usr/lib/locale/C.UTF-8/LC_IDENTIFICATION
7f0079ad6000-7f0079adc000 rw-p 00000000 00:00 0 
7f0079adc000-7f0079ae3000 ---p 00000000 00:00 0 
7f0079ae3000-7f0079aeb000 rw-s 00000000 103:07 3443677                   /tmp/hsperfdata_root/3965
7f0079aeb000-7f0079aec000 ---p 00000000 00:00 0 
7f0079aec000-7f0079aed000 r--p 00000000 00:00 0 
7f0079aed000-7f0079aef000 rw-p 00000000 00:00 0 
7f0079aef000-7f0079af0000 r--p 00027000 103:07 3409457                   /lib/x86_64-linux-gnu/ld-2.27.so
7f0079af0000-7f0079af1000 rw-p 00028000 103:07 3409457                   /lib/x86_64-linux-gnu/ld-2.27.so
7f0079af1000-7f0079af2000 rw-p 00000000 00:00 0 
7ffc506fd000-7ffc5071e000 rw-p 00000000 00:00 0                          [stack]
7ffc5072b000-7ffc5072e000 r--p 00000000 00:00 0                          [vvar]
7ffc5072e000-7ffc50730000 r-xp 00000000 00:00 0                          [vdso]
ffffffffff600000-ffffffffff601000 r-xp 00000000 00:00 0                  [vsyscall]


VM Arguments:
java_command: lcm.spy.Spy
java_class_path (initial): /opt/drake/share/java/lcmtypes_drake.jar:/opt/drake/share/java/lcmtypes_bot2_core.jar:/opt/drake/share/java/lcm.jar:/opt/drake/share/java/jchart2d-3.3.2.jar:/opt/drake/share/java/jide-oss-2.9.7.jar:/opt/drake/share/java/commons-io-1.3.1.jar:/opt/drake/share/java/xmlgraphics-commons-1.3.1.jar:/opt/drake/share/java/lcmtypes_robotlocomotion.jar:/opt/drake/share/java/lcmtypes_optitrack.jar
Launcher Type: SUN_STANDARD

Logging:
Log output configuration:
#0: stdout all=warning uptime,level,tags
#1: stderr all=off uptime,level,tags

Environment Variables:
CLASSPATH=/opt/drake/share/java/lcmtypes_drake.jar:/opt/drake/share/java/lcmtypes_bot2_core.jar:/opt/drake/share/java/lcm.jar:/opt/drake/share/java/jchart2d-3.3.2.jar:/opt/drake/share/java/jide-oss-2.9.7.jar:/opt/drake/share/java/commons-io-1.3.1.jar:/opt/drake/share/java/xmlgraphics-commons-1.3.1.jar:/opt/drake/share/java/lcmtypes_robotlocomotion.jar:/opt/drake/share/java/lcmtypes_optitrack.jar
PATH=/usr/local/sbin:/usr/local/bin:/usr/sbin:/usr/bin:/sbin:/bin
DISPLAY=:20

Signal Handlers:
SIGSEGV: [libjvm.so+0xd28b70], sa_mask[0]=11111111011111111101111111111110, sa_flags=SA_RESTART|SA_SIGINFO
SIGBUS: [libjvm.so+0xd28b70], sa_mask[0]=11111111011111111101111111111110, sa_flags=SA_RESTART|SA_SIGINFO
SIGFPE: [libjvm.so+0xd28b70], sa_mask[0]=11111111011111111101111111111110, sa_flags=SA_RESTART|SA_SIGINFO
SIGPIPE: SIG_IGN, sa_mask[0]=00000000000010000000000000000000, sa_flags=SA_RESTART
SIGXFSZ: [libjvm.so+0xb2a1f0], sa_mask[0]=11111111011111111101111111111110, sa_flags=SA_RESTART|SA_SIGINFO
SIGILL: [libjvm.so+0xd28b70], sa_mask[0]=11111111011111111101111111111110, sa_flags=SA_RESTART|SA_SIGINFO
SIGUSR2: [libjvm.so+0xb2a030], sa_mask[0]=00000000000000000000000000000000, sa_flags=SA_RESTART|SA_SIGINFO
SIGHUP: [libjvm.so+0xb2a180], sa_mask[0]=11111111011111111101111111111110, sa_flags=SA_RESTART|SA_SIGINFO
SIGINT: [libjvm.so+0xb2a180], sa_mask[0]=11111111011111111101111111111110, sa_flags=SA_RESTART|SA_SIGINFO
SIGTERM: [libjvm.so+0xb2a180], sa_mask[0]=11111111011111111101111111111110, sa_flags=SA_RESTART|SA_SIGINFO
SIGQUIT: [libjvm.so+0xb2a180], sa_mask[0]=11111111011111111101111111111110, sa_flags=SA_RESTART|SA_SIGINFO


---------------  S Y S T E M  ---------------

OS:DISTRIB_ID=Ubuntu
DISTRIB_RELEASE=18.04
DISTRIB_CODENAME=bionic
DISTRIB_DESCRIPTION="Ubuntu 18.04.2 LTS"
uname:Linux 4.15.0-50-generic #54-Ubuntu SMP Mon May 6 18:46:08 UTC 2019 x86_64
libc:glibc 2.27 NPTL 2.27 
rlimit: STACK 8192k, CORE infinity, NPROC infinity, NOFILE 1048576, AS infinity, DATA infinity, FSIZE infinity
load average:81.15 73.96 47.86

/proc/meminfo:
MemTotal:       16305228 kB
MemFree:          139716 kB
MemAvailable:      85672 kB
Buffers:            3500 kB
Cached:           854816 kB
SwapCached:         5360 kB
Active:         13831120 kB
Inactive:        1767836 kB
Active(anon):   13755256 kB
Inactive(anon):  1700800 kB
Active(file):      75864 kB
Inactive(file):    67036 kB
Unevictable:         416 kB
Mlocked:             416 kB
SwapTotal:       2097148 kB
SwapFree:              0 kB
Dirty:                 0 kB
Writeback:           272 kB
AnonPages:      14736408 kB
Mapped:           131412 kB
Shmem:            714400 kB
Slab:             279484 kB
SReclaimable:      95520 kB
SUnreclaim:       183964 kB
KernelStack:       27456 kB
PageTables:       130748 kB
NFS_Unstable:          0 kB
Bounce:                0 kB
WritebackTmp:          0 kB
CommitLimit:    10249760 kB
Committed_AS:   31790164 kB
VmallocTotal:   34359738367 kB
VmallocUsed:           0 kB
VmallocChunk:          0 kB
HardwareCorrupted:     0 kB
AnonHugePages:         0 kB
ShmemHugePages:        0 kB
ShmemPmdMapped:        0 kB
CmaTotal:              0 kB
CmaFree:               0 kB
HugePages_Total:       0
HugePages_Free:        0
HugePages_Rsvd:        0
HugePages_Surp:        0
Hugepagesize:       2048 kB
DirectMap4k:      434484 kB
DirectMap2M:    14127104 kB
DirectMap1G:     2097152 kB

container (cgroup) information:
container_type: cgroupv1
cpu_cpuset_cpus: 0-7
cpu_memory_nodes: 0
active_processor_count: 8
cpu_quota: -1
cpu_period: 100000
cpu_shares: -1
memory_limit_in_bytes: -1
memory_and_swap_limit_in_bytes: -2
memory_soft_limit_in_bytes: -1
memory_usage_in_bytes: 12392693760
memory_max_usage_in_bytes: 12392955904


CPU:total 8 (initial active 8) (4 cores per cpu, 2 threads per core) family 6 model 142 stepping 10, cmov, cx8, fxsr, mmx, sse, sse2, sse3, ssse3, sse4.1, sse4.2, popcnt, avx, avx2, aes, clmul, erms, 3dnowpref, lzcnt, ht, tsc, tscinvbit, bmi1, bmi2, adx, fma
CPU Model and flags from /proc/cpuinfo:
model name	: Intel(R) Core(TM) i7-8550U CPU @ 1.80GHz
flags		: fpu vme de pse tsc msr pae mce cx8 apic sep mtrr pge mca cmov pat pse36 clflush dts acpi mmx fxsr sse sse2 ss ht tm pbe syscall nx pdpe1gb rdtscp lm constant_tsc art arch_perfmon pebs bts rep_good nopl xtopology nonstop_tsc cpuid aperfmperf tsc_known_freq pni pclmulqdq dtes64 monitor ds_cpl vmx est tm2 ssse3 sdbg fma cx16 xtpr pdcm pcid sse4_1 sse4_2 x2apic movbe popcnt tsc_deadline_timer aes xsave avx f16c rdrand lahf_lm abm 3dnowprefetch cpuid_fault epb invpcid_single pti ssbd ibrs ibpb stibp tpr_shadow vnmi flexpriority ept vpid fsgsbase tsc_adjust bmi1 avx2 smep bmi2 erms invpcid mpx rdseed adx smap clflushopt intel_pt xsaveopt xsavec xgetbv1 xsaves dtherm ida arat pln pts hwp hwp_notify hwp_act_window hwp_epp md_clear flush_l1d

Memory: 4k page, physical 16305228k(142120k free), swap 2097148k(0k free)

vm_info: OpenJDK 64-Bit Server VM (10.0.2+13-Ubuntu-1ubuntu0.18.04.4) for linux-amd64 JRE (10.0.2+13-Ubuntu-1ubuntu0.18.04.4), built on Nov 13 2018 12:53:39 by "buildd" with gcc 7.3.0

END.
